INFO, 2023-02-24 14:19:03,129, Run Started
INFO, 2023-02-24 14:19:03,809, Run Started
INFO, 2023-02-24 14:19:04,235, Watching for file changes with StatReloader
INFO, 2023-02-24 14:19:12,829, dashboard_function.py - server_BChartDataList - Success
INFO, 2023-02-24 14:19:12,856, dashboard_function.py - service_donutChartData - Success
INFO, 2023-02-24 14:19:12,893, dashboard_function.py - alarmData - Success
INFO, 2023-02-24 14:19:12,930, dashboard_function.py - server_LChartDataList - Success
INFO, 2023-02-24 14:19:12,962, dashboard_function.py - os_donutChartData - Success
INFO, 2023-02-24 14:19:13,002, dashboard_function.py - vendorChartList - Success
INFO, 2023-02-24 14:19:13,033, dashboard_function.py - alarm_donutChartData - Success
INFO, 2023-02-24 14:19:13,107, dashboard_function.py - BNChartDataList - Success
INFO, 2023-02-24 14:19:13,107, dashboard_function.py - WMCDL(World Map Chart Data List) - Success
INFO, 2023-02-24 14:19:13,169, dashboard_function.py - connectIpDataList - Success
INFO, 2023-02-24 14:19:13,235, dashboard_function.py - connectServerDataList - Success
INFO, 2023-02-24 14:19:13,267, dashboard_function.py - memoryMoreDataList - Success
INFO, 2023-02-24 14:21:02,861, dashboard_function.py - server_BChartDataList - Success
INFO, 2023-02-24 14:21:02,896, dashboard_function.py - service_donutChartData - Success
INFO, 2023-02-24 14:21:02,929, dashboard_function.py - alarmData - Success
INFO, 2023-02-24 14:21:02,962, dashboard_function.py - server_LChartDataList - Success
INFO, 2023-02-24 14:21:02,995, dashboard_function.py - os_donutChartData - Success
INFO, 2023-02-24 14:21:03,028, dashboard_function.py - vendorChartList - Success
INFO, 2023-02-24 14:21:03,061, dashboard_function.py - alarm_donutChartData - Success
INFO, 2023-02-24 14:21:03,145, dashboard_function.py - BNChartDataList - Success
INFO, 2023-02-24 14:21:03,146, dashboard_function.py - WMCDL(World Map Chart Data List) - Success
INFO, 2023-02-24 14:21:03,198, dashboard_function.py - GpuServerDataList - Success
INFO, 2023-02-24 14:21:03,239, dashboard_function.py - connectIpDataList - Success
INFO, 2023-02-24 14:21:03,282, dashboard_function.py - connectServerDataList - Success
INFO, 2023-02-24 14:21:03,329, dashboard_function.py - memoryMoreDataList - Success
INFO, 2023-02-24 14:24:33,768, dashboard_function.py - server_BChartDataList - Success
INFO, 2023-02-24 14:24:33,801, dashboard_function.py - service_donutChartData - Success
INFO, 2023-02-24 14:24:33,830, dashboard_function.py - alarmData - Success
INFO, 2023-02-24 14:24:33,865, dashboard_function.py - server_LChartDataList - Success
INFO, 2023-02-24 14:24:33,896, dashboard_function.py - os_donutChartData - Success
INFO, 2023-02-24 14:24:33,928, dashboard_function.py - vendorChartList - Success
INFO, 2023-02-24 14:24:33,974, dashboard_function.py - alarm_donutChartData - Success
INFO, 2023-02-24 14:24:34,039, dashboard_function.py - BNChartDataList - Success
INFO, 2023-02-24 14:24:34,040, dashboard_function.py - WMCDL(World Map Chart Data List) - Success
INFO, 2023-02-24 14:24:34,096, dashboard_function.py - connectIpDataList - Success
INFO, 2023-02-24 14:24:34,140, dashboard_function.py - connectServerDataList - Success
INFO, 2023-02-24 14:24:34,192, dashboard_function.py - memoryMoreDataList - Success
INFO, 2023-02-24 14:24:36,611, dashboard_function.py - server_BChartDataList - Success
INFO, 2023-02-24 14:24:36,650, dashboard_function.py - service_donutChartData - Success
INFO, 2023-02-24 14:24:36,684, dashboard_function.py - alarmData - Success
INFO, 2023-02-24 14:24:36,724, dashboard_function.py - server_LChartDataList - Success
INFO, 2023-02-24 14:24:36,780, dashboard_function.py - os_donutChartData - Success
INFO, 2023-02-24 14:24:36,812, dashboard_function.py - vendorChartList - Success
INFO, 2023-02-24 14:24:36,847, dashboard_function.py - alarm_donutChartData - Success
INFO, 2023-02-24 14:24:36,943, dashboard_function.py - BNChartDataList - Success
INFO, 2023-02-24 14:24:36,944, dashboard_function.py - WMCDL(World Map Chart Data List) - Success
INFO, 2023-02-24 14:24:37,022, dashboard_function.py - connectIpDataList - Success
INFO, 2023-02-24 14:24:37,054, dashboard_function.py - connectServerDataList - Success
INFO, 2023-02-24 14:24:37,094, dashboard_function.py - memoryMoreDataList - Success
INFO, 2023-02-24 14:24:48,128, dashboard_function.py - server_BChartDataList - Success
INFO, 2023-02-24 14:24:48,181, dashboard_function.py - service_donutChartData - Success
INFO, 2023-02-24 14:24:48,229, dashboard_function.py - alarmData - Success
INFO, 2023-02-24 14:24:48,263, dashboard_function.py - server_LChartDataList - Success
INFO, 2023-02-24 14:24:48,291, dashboard_function.py - os_donutChartData - Success
INFO, 2023-02-24 14:24:48,346, dashboard_function.py - vendorChartList - Success
INFO, 2023-02-24 14:24:48,399, dashboard_function.py - alarm_donutChartData - Success
INFO, 2023-02-24 14:24:48,460, dashboard_function.py - BNChartDataList - Success
INFO, 2023-02-24 14:24:48,460, dashboard_function.py - WMCDL(World Map Chart Data List) - Success
INFO, 2023-02-24 14:24:48,535, dashboard_function.py - connectIpDataList - Success
INFO, 2023-02-24 14:24:48,563, dashboard_function.py - connectServerDataList - Success
INFO, 2023-02-24 14:24:48,599, dashboard_function.py - memoryMoreDataList - Success
INFO, 2023-02-24 14:24:49,747, dashboard_function.py - server_BChartDataList - Success
INFO, 2023-02-24 14:24:49,796, dashboard_function.py - service_donutChartData - Success
INFO, 2023-02-24 14:24:49,829, dashboard_function.py - alarmData - Success
INFO, 2023-02-24 14:24:49,873, dashboard_function.py - server_LChartDataList - Success
INFO, 2023-02-24 14:24:49,903, dashboard_function.py - os_donutChartData - Success
INFO, 2023-02-24 14:24:49,935, dashboard_function.py - vendorChartList - Success
INFO, 2023-02-24 14:24:49,977, dashboard_function.py - alarm_donutChartData - Success
INFO, 2023-02-24 14:24:50,074, dashboard_function.py - BNChartDataList - Success
INFO, 2023-02-24 14:24:50,074, dashboard_function.py - WMCDL(World Map Chart Data List) - Success
INFO, 2023-02-24 14:24:50,148, dashboard_function.py - connectIpDataList - Success
INFO, 2023-02-24 14:24:50,192, dashboard_function.py - connectServerDataList - Success
INFO, 2023-02-24 14:24:50,244, dashboard_function.py - memoryMoreDataList - Success
INFO, 2023-02-24 14:24:51,144, dashboard_function.py - server_BChartDataList - Success
INFO, 2023-02-24 14:24:51,177, dashboard_function.py - service_donutChartData - Success
INFO, 2023-02-24 14:24:51,209, dashboard_function.py - alarmData - Success
INFO, 2023-02-24 14:24:51,238, dashboard_function.py - server_LChartDataList - Success
INFO, 2023-02-24 14:24:51,286, dashboard_function.py - os_donutChartData - Success
INFO, 2023-02-24 14:24:51,313, dashboard_function.py - vendorChartList - Success
INFO, 2023-02-24 14:24:51,360, dashboard_function.py - alarm_donutChartData - Success
INFO, 2023-02-24 14:24:51,426, dashboard_function.py - BNChartDataList - Success
INFO, 2023-02-24 14:24:51,427, dashboard_function.py - WMCDL(World Map Chart Data List) - Success
INFO, 2023-02-24 14:24:51,512, dashboard_function.py - connectIpDataList - Success
INFO, 2023-02-24 14:24:51,544, dashboard_function.py - connectServerDataList - Success
INFO, 2023-02-24 14:24:51,574, dashboard_function.py - memoryMoreDataList - Success
INFO, 2023-02-24 14:24:54,881, dashboard_function.py - server_BChartDataList - Success
INFO, 2023-02-24 14:24:54,929, dashboard_function.py - service_donutChartData - Success
INFO, 2023-02-24 14:24:54,970, dashboard_function.py - alarmData - Success
INFO, 2023-02-24 14:24:55,006, dashboard_function.py - server_LChartDataList - Success
INFO, 2023-02-24 14:24:55,062, dashboard_function.py - os_donutChartData - Success
INFO, 2023-02-24 14:24:55,090, dashboard_function.py - vendorChartList - Success
INFO, 2023-02-24 14:24:55,120, dashboard_function.py - alarm_donutChartData - Success
INFO, 2023-02-24 14:24:55,200, dashboard_function.py - BNChartDataList - Success
INFO, 2023-02-24 14:24:55,200, dashboard_function.py - WMCDL(World Map Chart Data List) - Success
INFO, 2023-02-24 14:24:55,265, dashboard_function.py - connectIpDataList - Success
INFO, 2023-02-24 14:24:55,298, dashboard_function.py - connectServerDataList - Success
INFO, 2023-02-24 14:24:55,332, dashboard_function.py - memoryMoreDataList - Success
INFO, 2023-02-24 14:25:13,629, dashboard_function.py - server_BChartDataList - Success
INFO, 2023-02-24 14:25:13,682, dashboard_function.py - service_donutChartData - Success
INFO, 2023-02-24 14:25:13,714, dashboard_function.py - alarmData - Success
INFO, 2023-02-24 14:25:13,769, dashboard_function.py - server_LChartDataList - Success
INFO, 2023-02-24 14:25:13,805, dashboard_function.py - os_donutChartData - Success
INFO, 2023-02-24 14:25:13,848, dashboard_function.py - vendorChartList - Success
INFO, 2023-02-24 14:25:13,887, dashboard_function.py - alarm_donutChartData - Success
INFO, 2023-02-24 14:25:13,971, dashboard_function.py - BNChartDataList - Success
INFO, 2023-02-24 14:25:13,972, dashboard_function.py - WMCDL(World Map Chart Data List) - Success
INFO, 2023-02-24 14:25:14,056, dashboard_function.py - connectIpDataList - Success
INFO, 2023-02-24 14:25:14,102, dashboard_function.py - connectServerDataList - Success
INFO, 2023-02-24 14:25:14,163, dashboard_function.py - memoryMoreDataList - Success
INFO, 2023-02-24 14:25:36,848, dashboard_function.py - server_BChartDataList - Success
INFO, 2023-02-24 14:25:36,878, dashboard_function.py - service_donutChartData - Success
INFO, 2023-02-24 14:25:36,922, dashboard_function.py - alarmData - Success
INFO, 2023-02-24 14:25:36,965, dashboard_function.py - server_LChartDataList - Success
INFO, 2023-02-24 14:25:36,994, dashboard_function.py - os_donutChartData - Success
INFO, 2023-02-24 14:25:37,022, dashboard_function.py - vendorChartList - Success
INFO, 2023-02-24 14:25:37,070, dashboard_function.py - alarm_donutChartData - Success
INFO, 2023-02-24 14:25:37,128, dashboard_function.py - BNChartDataList - Success
INFO, 2023-02-24 14:25:37,129, dashboard_function.py - WMCDL(World Map Chart Data List) - Success
INFO, 2023-02-24 14:25:37,158, dashboard_function.py - GpuServerDataList - Success
INFO, 2023-02-24 14:25:37,188, dashboard_function.py - connectIpDataList - Success
INFO, 2023-02-24 14:25:37,215, dashboard_function.py - connectServerDataList - Success
INFO, 2023-02-24 14:25:37,252, dashboard_function.py - memoryMoreDataList - Success
INFO, 2023-02-24 14:29:23,003, dashboard_function.py - server_BChartDataList - Success
INFO, 2023-02-24 14:29:23,053, dashboard_function.py - service_donutChartData - Success
INFO, 2023-02-24 14:29:23,101, dashboard_function.py - alarmData - Success
INFO, 2023-02-24 14:29:23,136, dashboard_function.py - server_LChartDataList - Success
INFO, 2023-02-24 14:29:23,165, dashboard_function.py - os_donutChartData - Success
INFO, 2023-02-24 14:29:23,208, dashboard_function.py - vendorChartList - Success
INFO, 2023-02-24 14:29:23,243, dashboard_function.py - alarm_donutChartData - Success
INFO, 2023-02-24 14:29:23,308, dashboard_function.py - BNChartDataList - Success
INFO, 2023-02-24 14:29:23,309, dashboard_function.py - WMCDL(World Map Chart Data List) - Success
INFO, 2023-02-24 14:29:23,379, dashboard_function.py - connectIpDataList - Success
INFO, 2023-02-24 14:29:23,410, dashboard_function.py - connectServerDataList - Success
INFO, 2023-02-24 14:29:23,447, dashboard_function.py - memoryMoreDataList - Success
INFO, 2023-02-24 14:30:14,342, dashboard_function.py - server_BChartDataList - Success
INFO, 2023-02-24 14:30:14,387, dashboard_function.py - service_donutChartData - Success
INFO, 2023-02-24 14:30:14,425, dashboard_function.py - alarmData - Success
INFO, 2023-02-24 14:30:14,482, dashboard_function.py - server_LChartDataList - Success
INFO, 2023-02-24 14:30:14,527, dashboard_function.py - os_donutChartData - Success
INFO, 2023-02-24 14:30:14,561, dashboard_function.py - vendorChartList - Success
INFO, 2023-02-24 14:30:14,607, dashboard_function.py - alarm_donutChartData - Success
INFO, 2023-02-24 14:30:14,710, dashboard_function.py - BNChartDataList - Success
INFO, 2023-02-24 14:30:14,711, dashboard_function.py - WMCDL(World Map Chart Data List) - Success
INFO, 2023-02-24 14:30:14,802, dashboard_function.py - connectIpDataList - Success
INFO, 2023-02-24 14:30:14,861, dashboard_function.py - connectServerDataList - Success
INFO, 2023-02-24 14:30:14,910, dashboard_function.py - memoryMoreDataList - Success
INFO, 2023-02-24 14:30:50,507, dashboard_function.py - server_BChartDataList - Success
INFO, 2023-02-24 14:30:50,552, dashboard_function.py - service_donutChartData - Success
INFO, 2023-02-24 14:30:50,582, dashboard_function.py - alarmData - Success
INFO, 2023-02-24 14:30:50,631, dashboard_function.py - server_LChartDataList - Success
INFO, 2023-02-24 14:30:50,657, dashboard_function.py - os_donutChartData - Success
INFO, 2023-02-24 14:30:50,683, dashboard_function.py - vendorChartList - Success
INFO, 2023-02-24 14:30:50,714, dashboard_function.py - alarm_donutChartData - Success
INFO, 2023-02-24 14:30:50,776, dashboard_function.py - BNChartDataList - Success
INFO, 2023-02-24 14:30:50,776, dashboard_function.py - WMCDL(World Map Chart Data List) - Success
INFO, 2023-02-24 14:30:50,804, dashboard_function.py - GpuServerDataList - Success
INFO, 2023-02-24 14:30:50,836, dashboard_function.py - connectIpDataList - Success
INFO, 2023-02-24 14:30:50,874, dashboard_function.py - connectServerDataList - Success
INFO, 2023-02-24 14:30:50,908, dashboard_function.py - memoryMoreDataList - Success
INFO, 2023-02-24 14:40:51,765, dashboard_function.py - server_BChartDataList - Success
INFO, 2023-02-24 14:40:51,815, dashboard_function.py - service_donutChartData - Success
INFO, 2023-02-24 14:40:51,846, dashboard_function.py - alarmData - Success
INFO, 2023-02-24 14:40:51,893, dashboard_function.py - server_LChartDataList - Success
INFO, 2023-02-24 14:40:51,926, dashboard_function.py - os_donutChartData - Success
INFO, 2023-02-24 14:40:51,965, dashboard_function.py - vendorChartList - Success
INFO, 2023-02-24 14:40:52,009, dashboard_function.py - alarm_donutChartData - Success
INFO, 2023-02-24 14:40:52,092, dashboard_function.py - BNChartDataList - Success
INFO, 2023-02-24 14:40:52,092, dashboard_function.py - WMCDL(World Map Chart Data List) - Success
INFO, 2023-02-24 14:40:52,149, dashboard_function.py - GpuServerDataList - Success
INFO, 2023-02-24 14:40:52,195, dashboard_function.py - connectIpDataList - Success
INFO, 2023-02-24 14:40:52,242, dashboard_function.py - connectServerDataList - Success
INFO, 2023-02-24 14:40:52,286, dashboard_function.py - memoryMoreDataList - Success
INFO, 2023-02-24 14:50:53,793, dashboard_function.py - server_BChartDataList - Success
INFO, 2023-02-24 14:50:53,847, dashboard_function.py - service_donutChartData - Success
INFO, 2023-02-24 14:50:53,904, dashboard_function.py - alarmData - Success
INFO, 2023-02-24 14:50:53,941, dashboard_function.py - server_LChartDataList - Success
INFO, 2023-02-24 14:50:53,997, dashboard_function.py - os_donutChartData - Success
INFO, 2023-02-24 14:50:54,032, dashboard_function.py - vendorChartList - Success
INFO, 2023-02-24 14:50:54,086, dashboard_function.py - alarm_donutChartData - Success
INFO, 2023-02-24 14:50:54,189, dashboard_function.py - BNChartDataList - Success
INFO, 2023-02-24 14:50:54,189, dashboard_function.py - WMCDL(World Map Chart Data List) - Success
INFO, 2023-02-24 14:50:54,241, dashboard_function.py - GpuServerDataList - Success
INFO, 2023-02-24 14:50:54,275, dashboard_function.py - connectIpDataList - Success
INFO, 2023-02-24 14:50:54,307, dashboard_function.py - connectServerDataList - Success
INFO, 2023-02-24 14:50:54,360, dashboard_function.py - memoryMoreDataList - Success
INFO, 2023-02-24 15:00:55,780, dashboard_function.py - server_BChartDataList - Success
INFO, 2023-02-24 15:00:55,811, dashboard_function.py - service_donutChartData - Success
INFO, 2023-02-24 15:00:55,858, dashboard_function.py - alarmData - Success
INFO, 2023-02-24 15:00:55,895, dashboard_function.py - server_LChartDataList - Success
INFO, 2023-02-24 15:00:55,943, dashboard_function.py - os_donutChartData - Success
INFO, 2023-02-24 15:00:55,989, dashboard_function.py - vendorChartList - Success
INFO, 2023-02-24 15:00:56,020, dashboard_function.py - alarm_donutChartData - Success
INFO, 2023-02-24 15:00:56,108, dashboard_function.py - BNChartDataList - Success
INFO, 2023-02-24 15:00:56,108, dashboard_function.py - WMCDL(World Map Chart Data List) - Success
INFO, 2023-02-24 15:00:56,157, dashboard_function.py - GpuServerDataList - Success
INFO, 2023-02-24 15:00:56,209, dashboard_function.py - connectIpDataList - Success
INFO, 2023-02-24 15:00:56,264, dashboard_function.py - connectServerDataList - Success
INFO, 2023-02-24 15:00:56,301, dashboard_function.py - memoryMoreDataList - Success
INFO, 2023-02-24 15:10:57,766, dashboard_function.py - server_BChartDataList - Success
INFO, 2023-02-24 15:10:57,825, dashboard_function.py - service_donutChartData - Success
INFO, 2023-02-24 15:10:57,859, dashboard_function.py - alarmData - Success
INFO, 2023-02-24 15:10:57,902, dashboard_function.py - server_LChartDataList - Success
INFO, 2023-02-24 15:10:57,933, dashboard_function.py - os_donutChartData - Success
INFO, 2023-02-24 15:10:57,973, dashboard_function.py - vendorChartList - Success
INFO, 2023-02-24 15:10:58,025, dashboard_function.py - alarm_donutChartData - Success
INFO, 2023-02-24 15:10:58,138, dashboard_function.py - BNChartDataList - Success
INFO, 2023-02-24 15:10:58,138, dashboard_function.py - WMCDL(World Map Chart Data List) - Success
INFO, 2023-02-24 15:10:58,182, dashboard_function.py - GpuServerDataList - Success
INFO, 2023-02-24 15:10:58,238, dashboard_function.py - connectIpDataList - Success
INFO, 2023-02-24 15:10:58,282, dashboard_function.py - connectServerDataList - Success
INFO, 2023-02-24 15:10:58,317, dashboard_function.py - memoryMoreDataList - Success
INFO, 2023-02-24 15:20:59,783, dashboard_function.py - server_BChartDataList - Success
INFO, 2023-02-24 15:20:59,833, dashboard_function.py - service_donutChartData - Success
INFO, 2023-02-24 15:20:59,865, dashboard_function.py - alarmData - Success
INFO, 2023-02-24 15:20:59,897, dashboard_function.py - server_LChartDataList - Success
INFO, 2023-02-24 15:20:59,933, dashboard_function.py - os_donutChartData - Success
INFO, 2023-02-24 15:20:59,962, dashboard_function.py - vendorChartList - Success
INFO, 2023-02-24 15:20:59,995, dashboard_function.py - alarm_donutChartData - Success
INFO, 2023-02-24 15:21:00,077, dashboard_function.py - BNChartDataList - Success
INFO, 2023-02-24 15:21:00,078, dashboard_function.py - WMCDL(World Map Chart Data List) - Success
INFO, 2023-02-24 15:21:00,110, dashboard_function.py - GpuServerDataList - Success
INFO, 2023-02-24 15:21:00,146, dashboard_function.py - connectIpDataList - Success
INFO, 2023-02-24 15:21:00,180, dashboard_function.py - connectServerDataList - Success
INFO, 2023-02-24 15:21:00,235, dashboard_function.py - memoryMoreDataList - Success
INFO, 2023-02-24 15:31:00,800, dashboard_function.py - server_BChartDataList - Success
INFO, 2023-02-24 15:31:00,853, dashboard_function.py - service_donutChartData - Success
INFO, 2023-02-24 15:31:00,897, dashboard_function.py - alarmData - Success
INFO, 2023-02-24 15:31:00,932, dashboard_function.py - server_LChartDataList - Success
INFO, 2023-02-24 15:31:00,974, dashboard_function.py - os_donutChartData - Success
INFO, 2023-02-24 15:31:01,020, dashboard_function.py - vendorChartList - Success
INFO, 2023-02-24 15:31:01,067, dashboard_function.py - alarm_donutChartData - Success
INFO, 2023-02-24 15:31:01,174, dashboard_function.py - BNChartDataList - Success
INFO, 2023-02-24 15:31:01,174, dashboard_function.py - WMCDL(World Map Chart Data List) - Success
INFO, 2023-02-24 15:31:01,235, dashboard_function.py - GpuServerDataList - Success
INFO, 2023-02-24 15:31:01,282, dashboard_function.py - connectIpDataList - Success
INFO, 2023-02-24 15:31:01,327, dashboard_function.py - connectServerDataList - Success
INFO, 2023-02-24 15:31:01,365, dashboard_function.py - memoryMoreDataList - Success
INFO, 2023-02-24 15:41:02,795, dashboard_function.py - server_BChartDataList - Success
INFO, 2023-02-24 15:41:02,854, dashboard_function.py - service_donutChartData - Success
INFO, 2023-02-24 15:41:02,898, dashboard_function.py - alarmData - Success
INFO, 2023-02-24 15:41:02,935, dashboard_function.py - server_LChartDataList - Success
INFO, 2023-02-24 15:41:02,968, dashboard_function.py - os_donutChartData - Success
INFO, 2023-02-24 15:41:03,001, dashboard_function.py - vendorChartList - Success
INFO, 2023-02-24 15:41:03,056, dashboard_function.py - alarm_donutChartData - Success
INFO, 2023-02-24 15:41:03,153, dashboard_function.py - BNChartDataList - Success
INFO, 2023-02-24 15:41:03,154, dashboard_function.py - WMCDL(World Map Chart Data List) - Success
INFO, 2023-02-24 15:41:03,185, dashboard_function.py - GpuServerDataList - Success
INFO, 2023-02-24 15:41:03,231, dashboard_function.py - connectIpDataList - Success
INFO, 2023-02-24 15:41:03,263, dashboard_function.py - connectServerDataList - Success
INFO, 2023-02-24 15:41:03,296, dashboard_function.py - memoryMoreDataList - Success
INFO, 2023-02-24 15:51:04,784, dashboard_function.py - server_BChartDataList - Success
INFO, 2023-02-24 15:51:04,817, dashboard_function.py - service_donutChartData - Success
INFO, 2023-02-24 15:51:04,845, dashboard_function.py - alarmData - Success
INFO, 2023-02-24 15:51:04,893, dashboard_function.py - server_LChartDataList - Success
INFO, 2023-02-24 15:51:04,940, dashboard_function.py - os_donutChartData - Success
INFO, 2023-02-24 15:51:04,991, dashboard_function.py - vendorChartList - Success
INFO, 2023-02-24 15:51:05,044, dashboard_function.py - alarm_donutChartData - Success
INFO, 2023-02-24 15:51:05,125, dashboard_function.py - BNChartDataList - Success
INFO, 2023-02-24 15:51:05,126, dashboard_function.py - WMCDL(World Map Chart Data List) - Success
INFO, 2023-02-24 15:51:05,165, dashboard_function.py - GpuServerDataList - Success
INFO, 2023-02-24 15:51:05,211, dashboard_function.py - connectIpDataList - Success
INFO, 2023-02-24 15:51:05,243, dashboard_function.py - connectServerDataList - Success
INFO, 2023-02-24 15:51:05,287, dashboard_function.py - memoryMoreDataList - Success
INFO, 2023-02-24 16:01:05,777, dashboard_function.py - server_BChartDataList - Success
INFO, 2023-02-24 16:01:05,814, dashboard_function.py - service_donutChartData - Success
INFO, 2023-02-24 16:01:05,848, dashboard_function.py - alarmData - Success
INFO, 2023-02-24 16:01:05,904, dashboard_function.py - server_LChartDataList - Success
INFO, 2023-02-24 16:01:05,958, dashboard_function.py - os_donutChartData - Success
INFO, 2023-02-24 16:01:05,987, dashboard_function.py - vendorChartList - Success
INFO, 2023-02-24 16:01:06,032, dashboard_function.py - alarm_donutChartData - Success
INFO, 2023-02-24 16:01:06,115, dashboard_function.py - BNChartDataList - Success
INFO, 2023-02-24 16:01:06,115, dashboard_function.py - WMCDL(World Map Chart Data List) - Success
INFO, 2023-02-24 16:01:06,159, dashboard_function.py - GpuServerDataList - Success
INFO, 2023-02-24 16:01:06,189, dashboard_function.py - connectIpDataList - Success
INFO, 2023-02-24 16:01:06,216, dashboard_function.py - connectServerDataList - Success
INFO, 2023-02-24 16:01:06,246, dashboard_function.py - memoryMoreDataList - Success
INFO, 2023-02-24 16:11:06,787, dashboard_function.py - server_BChartDataList - Success
INFO, 2023-02-24 16:11:06,824, dashboard_function.py - service_donutChartData - Success
INFO, 2023-02-24 16:11:06,871, dashboard_function.py - alarmData - Success
INFO, 2023-02-24 16:11:06,931, dashboard_function.py - server_LChartDataList - Success
INFO, 2023-02-24 16:11:06,978, dashboard_function.py - os_donutChartData - Success
INFO, 2023-02-24 16:11:07,012, dashboard_function.py - vendorChartList - Success
INFO, 2023-02-24 16:11:07,065, dashboard_function.py - alarm_donutChartData - Success
INFO, 2023-02-24 16:11:07,155, dashboard_function.py - BNChartDataList - Success
INFO, 2023-02-24 16:11:07,155, dashboard_function.py - WMCDL(World Map Chart Data List) - Success
INFO, 2023-02-24 16:11:07,203, dashboard_function.py - GpuServerDataList - Success
INFO, 2023-02-24 16:11:07,235, dashboard_function.py - connectIpDataList - Success
INFO, 2023-02-24 16:11:07,277, dashboard_function.py - connectServerDataList - Success
INFO, 2023-02-24 16:11:07,327, dashboard_function.py - memoryMoreDataList - Success
INFO, 2023-02-24 16:21:07,804, dashboard_function.py - server_BChartDataList - Success
INFO, 2023-02-24 16:21:07,867, dashboard_function.py - service_donutChartData - Success
INFO, 2023-02-24 16:21:07,910, dashboard_function.py - alarmData - Success
INFO, 2023-02-24 16:21:07,953, dashboard_function.py - server_LChartDataList - Success
INFO, 2023-02-24 16:21:07,986, dashboard_function.py - os_donutChartData - Success
INFO, 2023-02-24 16:21:08,042, dashboard_function.py - vendorChartList - Success
INFO, 2023-02-24 16:21:08,088, dashboard_function.py - alarm_donutChartData - Success
INFO, 2023-02-24 16:21:08,189, dashboard_function.py - BNChartDataList - Success
INFO, 2023-02-24 16:21:08,189, dashboard_function.py - WMCDL(World Map Chart Data List) - Success
INFO, 2023-02-24 16:21:08,221, dashboard_function.py - GpuServerDataList - Success
INFO, 2023-02-24 16:21:08,277, dashboard_function.py - connectIpDataList - Success
INFO, 2023-02-24 16:21:08,316, dashboard_function.py - connectServerDataList - Success
INFO, 2023-02-24 16:21:08,366, dashboard_function.py - memoryMoreDataList - Success
INFO, 2023-02-24 16:31:08,846, dashboard_function.py - server_BChartDataList - Success
INFO, 2023-02-24 16:31:08,880, dashboard_function.py - service_donutChartData - Success
INFO, 2023-02-24 16:31:08,916, dashboard_function.py - alarmData - Success
INFO, 2023-02-24 16:31:08,945, dashboard_function.py - server_LChartDataList - Success
INFO, 2023-02-24 16:31:08,994, dashboard_function.py - os_donutChartData - Success
INFO, 2023-02-24 16:31:09,043, dashboard_function.py - vendorChartList - Success
INFO, 2023-02-24 16:31:09,089, dashboard_function.py - alarm_donutChartData - Success
INFO, 2023-02-24 16:31:09,167, dashboard_function.py - BNChartDataList - Success
INFO, 2023-02-24 16:31:09,169, dashboard_function.py - WMCDL(World Map Chart Data List) - Success
INFO, 2023-02-24 16:31:09,198, dashboard_function.py - GpuServerDataList - Success
INFO, 2023-02-24 16:31:09,229, dashboard_function.py - connectIpDataList - Success
INFO, 2023-02-24 16:31:09,282, dashboard_function.py - connectServerDataList - Success
INFO, 2023-02-24 16:31:09,313, dashboard_function.py - memoryMoreDataList - Success
INFO, 2023-02-24 16:41:10,793, dashboard_function.py - server_BChartDataList - Success
INFO, 2023-02-24 16:41:10,864, dashboard_function.py - service_donutChartData - Success
INFO, 2023-02-24 16:41:10,908, dashboard_function.py - alarmData - Success
INFO, 2023-02-24 16:41:10,955, dashboard_function.py - server_LChartDataList - Success
INFO, 2023-02-24 16:41:10,987, dashboard_function.py - os_donutChartData - Success
INFO, 2023-02-24 16:41:11,048, dashboard_function.py - vendorChartList - Success
INFO, 2023-02-24 16:41:11,088, dashboard_function.py - alarm_donutChartData - Success
INFO, 2023-02-24 16:41:11,175, dashboard_function.py - BNChartDataList - Success
INFO, 2023-02-24 16:41:11,176, dashboard_function.py - WMCDL(World Map Chart Data List) - Success
INFO, 2023-02-24 16:41:11,226, dashboard_function.py - GpuServerDataList - Success
INFO, 2023-02-24 16:41:11,258, dashboard_function.py - connectIpDataList - Success
INFO, 2023-02-24 16:41:11,285, dashboard_function.py - connectServerDataList - Success
INFO, 2023-02-24 16:41:11,350, dashboard_function.py - memoryMoreDataList - Success
INFO, 2023-02-24 16:51:11,513, dashboard_function.py - server_BChartDataList - Success
INFO, 2023-02-24 16:51:11,568, dashboard_function.py - service_donutChartData - Success
INFO, 2023-02-24 16:51:11,603, dashboard_function.py - alarmData - Success
INFO, 2023-02-24 16:51:11,657, dashboard_function.py - server_LChartDataList - Success
INFO, 2023-02-24 16:51:11,701, dashboard_function.py - os_donutChartData - Success
INFO, 2023-02-24 16:51:11,747, dashboard_function.py - vendorChartList - Success
INFO, 2023-02-24 16:51:11,792, dashboard_function.py - alarm_donutChartData - Success
INFO, 2023-02-24 16:51:12,129, dashboard_function.py - BNChartDataList - Success
INFO, 2023-02-24 16:51:12,129, dashboard_function.py - WMCDL(World Map Chart Data List) - Success
INFO, 2023-02-24 16:51:12,188, dashboard_function.py - GpuServerDataList - Success
INFO, 2023-02-24 16:51:12,232, dashboard_function.py - connectIpDataList - Success
INFO, 2023-02-24 16:51:12,263, dashboard_function.py - connectServerDataList - Success
INFO, 2023-02-24 16:51:12,292, dashboard_function.py - memoryMoreDataList - Success
INFO, 2023-02-24 17:01:12,765, dashboard_function.py - server_BChartDataList - Success
INFO, 2023-02-24 17:01:12,814, dashboard_function.py - service_donutChartData - Success
INFO, 2023-02-24 17:01:12,857, dashboard_function.py - alarmData - Success
INFO, 2023-02-24 17:01:12,890, dashboard_function.py - server_LChartDataList - Success
INFO, 2023-02-24 17:01:12,922, dashboard_function.py - os_donutChartData - Success
INFO, 2023-02-24 17:01:12,965, dashboard_function.py - vendorChartList - Success
INFO, 2023-02-24 17:01:13,009, dashboard_function.py - alarm_donutChartData - Success
INFO, 2023-02-24 17:01:13,108, dashboard_function.py - BNChartDataList - Success
INFO, 2023-02-24 17:01:13,109, dashboard_function.py - WMCDL(World Map Chart Data List) - Success
INFO, 2023-02-24 17:01:13,163, dashboard_function.py - GpuServerDataList - Success
INFO, 2023-02-24 17:01:13,194, dashboard_function.py - connectIpDataList - Success
INFO, 2023-02-24 17:01:13,219, dashboard_function.py - connectServerDataList - Success
INFO, 2023-02-24 17:01:13,276, dashboard_function.py - memoryMoreDataList - Success
INFO, 2023-02-24 17:11:13,769, dashboard_function.py - server_BChartDataList - Success
INFO, 2023-02-24 17:11:13,801, dashboard_function.py - service_donutChartData - Success
INFO, 2023-02-24 17:11:13,828, dashboard_function.py - alarmData - Success
INFO, 2023-02-24 17:11:13,881, dashboard_function.py - server_LChartDataList - Success
INFO, 2023-02-24 17:11:13,907, dashboard_function.py - os_donutChartData - Success
INFO, 2023-02-24 17:11:13,954, dashboard_function.py - vendorChartList - Success
INFO, 2023-02-24 17:11:14,009, dashboard_function.py - alarm_donutChartData - Success
INFO, 2023-02-24 17:11:14,116, dashboard_function.py - BNChartDataList - Success
INFO, 2023-02-24 17:11:14,116, dashboard_function.py - WMCDL(World Map Chart Data List) - Success
INFO, 2023-02-24 17:11:14,173, dashboard_function.py - GpuServerDataList - Success
INFO, 2023-02-24 17:11:14,203, dashboard_function.py - connectIpDataList - Success
INFO, 2023-02-24 17:11:14,234, dashboard_function.py - connectServerDataList - Success
INFO, 2023-02-24 17:11:14,266, dashboard_function.py - memoryMoreDataList - Success
INFO, 2023-02-24 17:16:17,662, Run Finished
INFO, 2023-02-24 17:16:17,885, Run Finished
