INFO, 2023-03-10 09:23:28,708, Run Finished
INFO, 2023-03-10 09:23:30,739, Run Started
INFO, 2023-03-10 09:23:31,510, Run Started
INFO, 2023-03-10 09:23:31,992, Watching for file changes with StatReloader
INFO, 2023-03-10 09:23:35,694, dashboard_function.py - server_BChartDataList - Success
INFO, 2023-03-10 09:23:35,779, dashboard_function.py - service_donutChartData - Success
INFO, 2023-03-10 09:23:35,860, dashboard_function.py - alarmData - Success
INFO, 2023-03-10 09:23:35,946, dashboard_function.py - server_LChartDataList - Success
INFO, 2023-03-10 09:23:36,029, dashboard_function.py - os_donutChartData - Success
INFO, 2023-03-10 09:23:36,120, dashboard_function.py - vendorChartList - Success
INFO, 2023-03-10 09:23:36,211, dashboard_function.py - alarm_donutChartData - Success
INFO, 2023-03-10 09:23:36,415, dashboard_function.py - BNChartDataList - Success
INFO, 2023-03-10 09:23:36,416, dashboard_function.py - WMCDL(World Map Chart Data List) - Success
INFO, 2023-03-10 09:23:36,517, dashboard_function.py - GpuServerDataList - Success
INFO, 2023-03-10 09:23:36,617, dashboard_function.py - connectIpDataList - Success
INFO, 2023-03-10 09:23:36,699, dashboard_function.py - connectServerDataList - Success
INFO, 2023-03-10 09:23:36,781, dashboard_function.py - memoryMoreDataList - Success
INFO, 2023-03-10 09:24:08,701, dashboard_function.py - server_BChartDataList - Success
INFO, 2023-03-10 09:24:08,782, dashboard_function.py - service_donutChartData - Success
INFO, 2023-03-10 09:24:08,866, dashboard_function.py - alarmData - Success
INFO, 2023-03-10 09:24:08,958, dashboard_function.py - server_LChartDataList - Success
INFO, 2023-03-10 09:24:09,040, dashboard_function.py - os_donutChartData - Success
INFO, 2023-03-10 09:24:09,127, dashboard_function.py - vendorChartList - Success
INFO, 2023-03-10 09:24:09,214, dashboard_function.py - alarm_donutChartData - Success
INFO, 2023-03-10 09:24:09,481, dashboard_function.py - BNChartDataList - Success
INFO, 2023-03-10 09:24:09,481, dashboard_function.py - WMCDL(World Map Chart Data List) - Success
INFO, 2023-03-10 09:24:09,562, dashboard_function.py - GpuServerDataList - Success
INFO, 2023-03-10 09:24:09,652, dashboard_function.py - connectIpDataList - Success
INFO, 2023-03-10 09:24:09,730, dashboard_function.py - connectServerDataList - Success
INFO, 2023-03-10 09:24:09,814, dashboard_function.py - memoryMoreDataList - Success
INFO, 2023-03-10 09:24:33,084, dashboard_function.py - server_BChartDataList - Success
INFO, 2023-03-10 09:24:33,209, dashboard_function.py - service_donutChartData - Success
INFO, 2023-03-10 09:24:33,310, dashboard_function.py - alarmData - Success
INFO, 2023-03-10 09:24:33,472, dashboard_function.py - server_LChartDataList - Success
INFO, 2023-03-10 09:24:33,596, dashboard_function.py - os_donutChartData - Success
INFO, 2023-03-10 09:24:33,713, dashboard_function.py - vendorChartList - Success
INFO, 2023-03-10 09:24:33,807, dashboard_function.py - alarm_donutChartData - Success
INFO, 2023-03-10 09:24:33,997, dashboard_function.py - BNChartDataList - Success
INFO, 2023-03-10 09:24:33,998, dashboard_function.py - WMCDL(World Map Chart Data List) - Success
INFO, 2023-03-10 09:24:34,116, dashboard_function.py - GpuServerDataList - Success
INFO, 2023-03-10 09:24:34,221, dashboard_function.py - connectIpDataList - Success
INFO, 2023-03-10 09:24:34,319, dashboard_function.py - connectServerDataList - Success
INFO, 2023-03-10 09:24:34,425, dashboard_function.py - memoryMoreDataList - Success
INFO, 2023-03-10 09:26:04,610, dashboard_function.py - server_BChartDataList - Success
INFO, 2023-03-10 09:26:04,737, dashboard_function.py - service_donutChartData - Success
INFO, 2023-03-10 09:26:04,866, dashboard_function.py - alarmData - Success
INFO, 2023-03-10 09:26:05,050, dashboard_function.py - server_LChartDataList - Success
INFO, 2023-03-10 09:26:05,189, dashboard_function.py - os_donutChartData - Success
INFO, 2023-03-10 09:26:05,318, dashboard_function.py - vendorChartList - Success
INFO, 2023-03-10 09:26:05,443, dashboard_function.py - alarm_donutChartData - Success
INFO, 2023-03-10 09:26:05,691, dashboard_function.py - BNChartDataList - Success
INFO, 2023-03-10 09:26:05,691, dashboard_function.py - WMCDL(World Map Chart Data List) - Success
INFO, 2023-03-10 09:26:05,821, dashboard_function.py - GpuServerDataList - Success
INFO, 2023-03-10 09:26:05,933, dashboard_function.py - connectIpDataList - Success
INFO, 2023-03-10 09:26:06,082, dashboard_function.py - connectServerDataList - Success
INFO, 2023-03-10 09:26:06,233, dashboard_function.py - memoryMoreDataList - Success
INFO, 2023-03-10 09:26:41,246, dashboard_function.py - server_BChartDataList - Success
INFO, 2023-03-10 09:26:41,334, dashboard_function.py - service_donutChartData - Success
INFO, 2023-03-10 09:26:41,423, dashboard_function.py - alarmData - Success
INFO, 2023-03-10 09:26:41,515, dashboard_function.py - server_LChartDataList - Success
INFO, 2023-03-10 09:26:41,598, dashboard_function.py - os_donutChartData - Success
INFO, 2023-03-10 09:26:41,677, dashboard_function.py - vendorChartList - Success
INFO, 2023-03-10 09:26:41,757, dashboard_function.py - alarm_donutChartData - Success
INFO, 2023-03-10 09:26:41,926, dashboard_function.py - BNChartDataList - Success
INFO, 2023-03-10 09:26:41,926, dashboard_function.py - WMCDL(World Map Chart Data List) - Success
INFO, 2023-03-10 09:26:42,009, dashboard_function.py - GpuServerDataList - Success
INFO, 2023-03-10 09:26:42,090, dashboard_function.py - connectIpDataList - Success
INFO, 2023-03-10 09:26:42,163, dashboard_function.py - connectServerDataList - Success
INFO, 2023-03-10 09:26:42,347, dashboard_function.py - memoryMoreDataList - Success
INFO, 2023-03-10 09:26:57,144, dashboard_function.py - server_BChartDataList - Success
INFO, 2023-03-10 09:26:57,229, dashboard_function.py - service_donutChartData - Success
INFO, 2023-03-10 09:26:57,323, dashboard_function.py - alarmData - Success
INFO, 2023-03-10 09:26:57,420, dashboard_function.py - server_LChartDataList - Success
INFO, 2023-03-10 09:26:57,500, dashboard_function.py - os_donutChartData - Success
INFO, 2023-03-10 09:26:57,587, dashboard_function.py - vendorChartList - Success
INFO, 2023-03-10 09:26:57,673, dashboard_function.py - alarm_donutChartData - Success
INFO, 2023-03-10 09:26:57,837, dashboard_function.py - BNChartDataList - Success
INFO, 2023-03-10 09:26:57,838, dashboard_function.py - WMCDL(World Map Chart Data List) - Success
INFO, 2023-03-10 09:26:57,919, dashboard_function.py - GpuServerDataList - Success
INFO, 2023-03-10 09:26:58,002, dashboard_function.py - connectIpDataList - Success
INFO, 2023-03-10 09:26:58,083, dashboard_function.py - connectServerDataList - Success
INFO, 2023-03-10 09:26:58,261, dashboard_function.py - memoryMoreDataList - Success
INFO, 2023-03-10 09:27:06,167, dashboard_function.py - server_BChartDataList - Success
INFO, 2023-03-10 09:27:06,283, dashboard_function.py - service_donutChartData - Success
INFO, 2023-03-10 09:27:06,411, dashboard_function.py - alarmData - Success
INFO, 2023-03-10 09:27:06,577, dashboard_function.py - server_LChartDataList - Success
INFO, 2023-03-10 09:27:06,712, dashboard_function.py - os_donutChartData - Success
INFO, 2023-03-10 09:27:06,825, dashboard_function.py - vendorChartList - Success
INFO, 2023-03-10 09:27:06,928, dashboard_function.py - alarm_donutChartData - Success
INFO, 2023-03-10 09:27:07,162, dashboard_function.py - BNChartDataList - Success
INFO, 2023-03-10 09:27:07,163, dashboard_function.py - WMCDL(World Map Chart Data List) - Success
INFO, 2023-03-10 09:27:07,271, dashboard_function.py - GpuServerDataList - Success
INFO, 2023-03-10 09:27:07,361, dashboard_function.py - connectIpDataList - Success
INFO, 2023-03-10 09:27:07,458, dashboard_function.py - connectServerDataList - Success
INFO, 2023-03-10 09:27:07,559, dashboard_function.py - memoryMoreDataList - Success
INFO, 2023-03-10 09:28:10,398, dashboard_function.py - server_BChartDataList - Success
INFO, 2023-03-10 09:28:10,475, dashboard_function.py - service_donutChartData - Success
INFO, 2023-03-10 09:28:10,550, dashboard_function.py - alarmData - Success
INFO, 2023-03-10 09:28:10,641, dashboard_function.py - server_LChartDataList - Success
INFO, 2023-03-10 09:28:10,727, dashboard_function.py - os_donutChartData - Success
INFO, 2023-03-10 09:28:10,809, dashboard_function.py - vendorChartList - Success
INFO, 2023-03-10 09:28:10,998, dashboard_function.py - alarm_donutChartData - Success
INFO, 2023-03-10 09:28:11,199, dashboard_function.py - BNChartDataList - Success
INFO, 2023-03-10 09:28:11,199, dashboard_function.py - WMCDL(World Map Chart Data List) - Success
INFO, 2023-03-10 09:28:11,290, dashboard_function.py - GpuServerDataList - Success
INFO, 2023-03-10 09:28:11,366, dashboard_function.py - connectIpDataList - Success
INFO, 2023-03-10 09:28:11,444, dashboard_function.py - connectServerDataList - Success
INFO, 2023-03-10 09:28:11,624, dashboard_function.py - memoryMoreDataList - Success
INFO, 2023-03-10 09:28:19,287, dashboard_function.py - server_BChartDataList - Success
INFO, 2023-03-10 09:28:19,366, dashboard_function.py - service_donutChartData - Success
INFO, 2023-03-10 09:28:19,443, dashboard_function.py - alarmData - Success
INFO, 2023-03-10 09:28:19,532, dashboard_function.py - server_LChartDataList - Success
INFO, 2023-03-10 09:28:19,622, dashboard_function.py - os_donutChartData - Success
INFO, 2023-03-10 09:28:19,703, dashboard_function.py - vendorChartList - Success
INFO, 2023-03-10 09:28:19,794, dashboard_function.py - alarm_donutChartData - Success
INFO, 2023-03-10 09:28:19,962, dashboard_function.py - BNChartDataList - Success
INFO, 2023-03-10 09:28:19,962, dashboard_function.py - WMCDL(World Map Chart Data List) - Success
INFO, 2023-03-10 09:28:20,048, dashboard_function.py - GpuServerDataList - Success
INFO, 2023-03-10 09:28:20,131, dashboard_function.py - connectIpDataList - Success
INFO, 2023-03-10 09:28:20,207, dashboard_function.py - connectServerDataList - Success
INFO, 2023-03-10 09:28:20,286, dashboard_function.py - memoryMoreDataList - Success
INFO, 2023-03-10 09:28:36,130, dashboard_function.py - server_BChartDataList - Success
INFO, 2023-03-10 09:28:36,243, dashboard_function.py - service_donutChartData - Success
INFO, 2023-03-10 09:28:36,339, dashboard_function.py - alarmData - Success
INFO, 2023-03-10 09:28:36,445, dashboard_function.py - server_LChartDataList - Success
INFO, 2023-03-10 09:28:36,540, dashboard_function.py - os_donutChartData - Success
INFO, 2023-03-10 09:28:36,634, dashboard_function.py - vendorChartList - Success
INFO, 2023-03-10 09:28:36,731, dashboard_function.py - alarm_donutChartData - Success
INFO, 2023-03-10 09:28:36,998, dashboard_function.py - BNChartDataList - Success
INFO, 2023-03-10 09:28:36,998, dashboard_function.py - WMCDL(World Map Chart Data List) - Success
INFO, 2023-03-10 09:28:37,119, dashboard_function.py - GpuServerDataList - Success
INFO, 2023-03-10 09:28:37,241, dashboard_function.py - connectIpDataList - Success
INFO, 2023-03-10 09:28:37,355, dashboard_function.py - connectServerDataList - Success
INFO, 2023-03-10 09:28:37,449, dashboard_function.py - memoryMoreDataList - Success
INFO, 2023-03-10 09:28:56,090, dashboard_function.py - server_BChartDataList - Success
INFO, 2023-03-10 09:28:56,271, dashboard_function.py - service_donutChartData - Success
INFO, 2023-03-10 09:28:56,350, dashboard_function.py - alarmData - Success
INFO, 2023-03-10 09:28:56,433, dashboard_function.py - server_LChartDataList - Success
INFO, 2023-03-10 09:28:56,515, dashboard_function.py - os_donutChartData - Success
INFO, 2023-03-10 09:28:56,592, dashboard_function.py - vendorChartList - Success
INFO, 2023-03-10 09:28:56,676, dashboard_function.py - alarm_donutChartData - Success
INFO, 2023-03-10 09:28:56,841, dashboard_function.py - BNChartDataList - Success
INFO, 2023-03-10 09:28:56,841, dashboard_function.py - WMCDL(World Map Chart Data List) - Success
INFO, 2023-03-10 09:28:56,923, dashboard_function.py - GpuServerDataList - Success
INFO, 2023-03-10 09:28:57,005, dashboard_function.py - connectIpDataList - Success
INFO, 2023-03-10 09:28:57,194, dashboard_function.py - connectServerDataList - Success
INFO, 2023-03-10 09:28:57,273, dashboard_function.py - memoryMoreDataList - Success
INFO, 2023-03-10 09:29:53,835, dashboard_function.py - server_BChartDataList - Success
INFO, 2023-03-10 09:29:53,924, dashboard_function.py - service_donutChartData - Success
INFO, 2023-03-10 09:29:54,075, dashboard_function.py - alarmData - Success
INFO, 2023-03-10 09:29:54,174, dashboard_function.py - server_LChartDataList - Success
INFO, 2023-03-10 09:29:54,254, dashboard_function.py - os_donutChartData - Success
INFO, 2023-03-10 09:29:54,337, dashboard_function.py - vendorChartList - Success
INFO, 2023-03-10 09:29:54,418, dashboard_function.py - alarm_donutChartData - Success
INFO, 2023-03-10 09:29:54,582, dashboard_function.py - BNChartDataList - Success
INFO, 2023-03-10 09:29:54,582, dashboard_function.py - WMCDL(World Map Chart Data List) - Success
INFO, 2023-03-10 09:29:54,660, dashboard_function.py - GpuServerDataList - Success
INFO, 2023-03-10 09:29:54,736, dashboard_function.py - connectIpDataList - Success
INFO, 2023-03-10 09:29:54,813, dashboard_function.py - connectServerDataList - Success
INFO, 2023-03-10 09:29:54,897, dashboard_function.py - memoryMoreDataList - Success
INFO, 2023-03-10 09:30:16,522, dashboard_function.py - server_BChartDataList - Success
INFO, 2023-03-10 09:30:16,606, dashboard_function.py - service_donutChartData - Success
INFO, 2023-03-10 09:30:16,707, dashboard_function.py - alarmData - Success
INFO, 2023-03-10 09:30:16,801, dashboard_function.py - server_LChartDataList - Success
INFO, 2023-03-10 09:30:16,887, dashboard_function.py - os_donutChartData - Success
INFO, 2023-03-10 09:30:16,975, dashboard_function.py - vendorChartList - Success
INFO, 2023-03-10 09:30:17,134, dashboard_function.py - alarm_donutChartData - Success
INFO, 2023-03-10 09:30:17,357, dashboard_function.py - BNChartDataList - Success
INFO, 2023-03-10 09:30:17,358, dashboard_function.py - WMCDL(World Map Chart Data List) - Success
INFO, 2023-03-10 09:30:17,454, dashboard_function.py - GpuServerDataList - Success
INFO, 2023-03-10 09:30:17,592, dashboard_function.py - connectIpDataList - Success
INFO, 2023-03-10 09:30:17,691, dashboard_function.py - connectServerDataList - Success
INFO, 2023-03-10 09:30:17,910, dashboard_function.py - memoryMoreDataList - Success
INFO, 2023-03-10 09:30:47,119, dashboard_function.py - server_BChartDataList - Success
INFO, 2023-03-10 09:30:47,231, dashboard_function.py - service_donutChartData - Success
INFO, 2023-03-10 09:30:47,329, dashboard_function.py - alarmData - Success
INFO, 2023-03-10 09:30:47,449, dashboard_function.py - server_LChartDataList - Success
INFO, 2023-03-10 09:30:47,548, dashboard_function.py - os_donutChartData - Success
INFO, 2023-03-10 09:30:47,642, dashboard_function.py - vendorChartList - Success
INFO, 2023-03-10 09:30:47,728, dashboard_function.py - alarm_donutChartData - Success
INFO, 2023-03-10 09:30:47,901, dashboard_function.py - BNChartDataList - Success
INFO, 2023-03-10 09:30:47,902, dashboard_function.py - WMCDL(World Map Chart Data List) - Success
INFO, 2023-03-10 09:30:47,985, dashboard_function.py - GpuServerDataList - Success
INFO, 2023-03-10 09:30:48,068, dashboard_function.py - connectIpDataList - Success
INFO, 2023-03-10 09:30:48,150, dashboard_function.py - connectServerDataList - Success
INFO, 2023-03-10 09:30:48,231, dashboard_function.py - memoryMoreDataList - Success
INFO, 2023-03-10 09:31:19,117, dashboard_function.py - server_BChartDataList - Success
INFO, 2023-03-10 09:31:19,198, dashboard_function.py - service_donutChartData - Success
INFO, 2023-03-10 09:31:19,285, dashboard_function.py - alarmData - Success
INFO, 2023-03-10 09:31:19,369, dashboard_function.py - server_LChartDataList - Success
INFO, 2023-03-10 09:31:19,449, dashboard_function.py - os_donutChartData - Success
INFO, 2023-03-10 09:31:19,529, dashboard_function.py - vendorChartList - Success
INFO, 2023-03-10 09:31:19,611, dashboard_function.py - alarm_donutChartData - Success
INFO, 2023-03-10 09:31:19,836, dashboard_function.py - BNChartDataList - Success
INFO, 2023-03-10 09:31:19,836, dashboard_function.py - WMCDL(World Map Chart Data List) - Success
INFO, 2023-03-10 09:31:19,939, dashboard_function.py - GpuServerDataList - Success
INFO, 2023-03-10 09:31:20,051, dashboard_function.py - connectIpDataList - Success
INFO, 2023-03-10 09:31:20,147, dashboard_function.py - connectServerDataList - Success
INFO, 2023-03-10 09:31:20,230, dashboard_function.py - memoryMoreDataList - Success
INFO, 2023-03-10 09:33:24,344, dashboard_function.py - server_BChartDataList - Success
INFO, 2023-03-10 09:33:24,443, dashboard_function.py - service_donutChartData - Success
INFO, 2023-03-10 09:33:24,543, dashboard_function.py - alarmData - Success
INFO, 2023-03-10 09:33:24,670, dashboard_function.py - server_LChartDataList - Success
INFO, 2023-03-10 09:33:24,880, dashboard_function.py - os_donutChartData - Success
INFO, 2023-03-10 09:33:24,968, dashboard_function.py - vendorChartList - Success
INFO, 2023-03-10 09:33:25,047, dashboard_function.py - alarm_donutChartData - Success
INFO, 2023-03-10 09:33:25,211, dashboard_function.py - BNChartDataList - Success
INFO, 2023-03-10 09:33:25,211, dashboard_function.py - WMCDL(World Map Chart Data List) - Success
INFO, 2023-03-10 09:33:25,290, dashboard_function.py - GpuServerDataList - Success
INFO, 2023-03-10 09:33:25,376, dashboard_function.py - connectIpDataList - Success
INFO, 2023-03-10 09:33:25,465, dashboard_function.py - connectServerDataList - Success
INFO, 2023-03-10 09:33:25,564, dashboard_function.py - memoryMoreDataList - Success
INFO, 2023-03-10 09:33:47,434, dashboard_function.py - server_BChartDataList - Success
INFO, 2023-03-10 09:33:47,516, dashboard_function.py - service_donutChartData - Success
INFO, 2023-03-10 09:33:47,640, dashboard_function.py - alarmData - Success
INFO, 2023-03-10 09:33:47,721, dashboard_function.py - server_LChartDataList - Success
INFO, 2023-03-10 09:33:47,800, dashboard_function.py - os_donutChartData - Success
INFO, 2023-03-10 09:33:47,932, dashboard_function.py - vendorChartList - Success
INFO, 2023-03-10 09:33:48,114, dashboard_function.py - alarm_donutChartData - Success
INFO, 2023-03-10 09:33:48,490, dashboard_function.py - BNChartDataList - Success
INFO, 2023-03-10 09:33:48,490, dashboard_function.py - WMCDL(World Map Chart Data List) - Success
INFO, 2023-03-10 09:33:48,640, dashboard_function.py - GpuServerDataList - Success
INFO, 2023-03-10 09:33:48,753, dashboard_function.py - connectIpDataList - Success
INFO, 2023-03-10 09:33:48,848, dashboard_function.py - connectServerDataList - Success
INFO, 2023-03-10 09:33:48,938, dashboard_function.py - memoryMoreDataList - Success
INFO, 2023-03-10 09:34:17,657, dashboard_function.py - server_BChartDataList - Success
INFO, 2023-03-10 09:34:17,790, dashboard_function.py - service_donutChartData - Success
INFO, 2023-03-10 09:34:17,891, dashboard_function.py - alarmData - Success
INFO, 2023-03-10 09:34:17,995, dashboard_function.py - server_LChartDataList - Success
INFO, 2023-03-10 09:34:18,103, dashboard_function.py - os_donutChartData - Success
INFO, 2023-03-10 09:34:18,184, dashboard_function.py - vendorChartList - Success
INFO, 2023-03-10 09:34:18,263, dashboard_function.py - alarm_donutChartData - Success
INFO, 2023-03-10 09:34:18,421, dashboard_function.py - BNChartDataList - Success
INFO, 2023-03-10 09:34:18,421, dashboard_function.py - WMCDL(World Map Chart Data List) - Success
INFO, 2023-03-10 09:34:18,501, dashboard_function.py - GpuServerDataList - Success
INFO, 2023-03-10 09:34:18,581, dashboard_function.py - connectIpDataList - Success
INFO, 2023-03-10 09:34:18,654, dashboard_function.py - connectServerDataList - Success
INFO, 2023-03-10 09:34:18,731, dashboard_function.py - memoryMoreDataList - Success
INFO, 2023-03-10 09:34:30,949, dashboard_function.py - server_BChartDataList - Success
INFO, 2023-03-10 09:34:31,048, dashboard_function.py - service_donutChartData - Success
INFO, 2023-03-10 09:34:31,182, dashboard_function.py - alarmData - Success
INFO, 2023-03-10 09:34:31,282, dashboard_function.py - server_LChartDataList - Success
INFO, 2023-03-10 09:34:31,365, dashboard_function.py - os_donutChartData - Success
INFO, 2023-03-10 09:34:31,522, dashboard_function.py - vendorChartList - Success
INFO, 2023-03-10 09:34:31,629, dashboard_function.py - alarm_donutChartData - Success
INFO, 2023-03-10 09:34:31,853, dashboard_function.py - BNChartDataList - Success
INFO, 2023-03-10 09:34:31,854, dashboard_function.py - WMCDL(World Map Chart Data List) - Success
INFO, 2023-03-10 09:34:31,990, dashboard_function.py - GpuServerDataList - Success
INFO, 2023-03-10 09:34:32,112, dashboard_function.py - connectIpDataList - Success
INFO, 2023-03-10 09:34:32,219, dashboard_function.py - connectServerDataList - Success
INFO, 2023-03-10 09:34:32,303, dashboard_function.py - memoryMoreDataList - Success
INFO, 2023-03-10 09:34:51,953, dashboard_function.py - server_BChartDataList - Success
INFO, 2023-03-10 09:34:52,049, dashboard_function.py - service_donutChartData - Success
INFO, 2023-03-10 09:34:52,139, dashboard_function.py - alarmData - Success
INFO, 2023-03-10 09:34:52,221, dashboard_function.py - server_LChartDataList - Success
INFO, 2023-03-10 09:34:52,294, dashboard_function.py - os_donutChartData - Success
INFO, 2023-03-10 09:34:52,368, dashboard_function.py - vendorChartList - Success
INFO, 2023-03-10 09:34:52,449, dashboard_function.py - alarm_donutChartData - Success
INFO, 2023-03-10 09:34:52,606, dashboard_function.py - BNChartDataList - Success
INFO, 2023-03-10 09:34:52,607, dashboard_function.py - WMCDL(World Map Chart Data List) - Success
INFO, 2023-03-10 09:34:52,682, dashboard_function.py - GpuServerDataList - Success
INFO, 2023-03-10 09:34:52,768, dashboard_function.py - connectIpDataList - Success
INFO, 2023-03-10 09:34:52,845, dashboard_function.py - connectServerDataList - Success
INFO, 2023-03-10 09:34:52,918, dashboard_function.py - memoryMoreDataList - Success
INFO, 2023-03-10 09:35:11,120, dashboard_function.py - server_BChartDataList - Success
INFO, 2023-03-10 09:35:11,233, dashboard_function.py - service_donutChartData - Success
INFO, 2023-03-10 09:35:11,337, dashboard_function.py - alarmData - Success
INFO, 2023-03-10 09:35:11,458, dashboard_function.py - server_LChartDataList - Success
INFO, 2023-03-10 09:35:11,665, dashboard_function.py - os_donutChartData - Success
INFO, 2023-03-10 09:35:11,780, dashboard_function.py - vendorChartList - Success
INFO, 2023-03-10 09:35:11,881, dashboard_function.py - alarm_donutChartData - Success
INFO, 2023-03-10 09:35:12,078, dashboard_function.py - BNChartDataList - Success
INFO, 2023-03-10 09:35:12,079, dashboard_function.py - WMCDL(World Map Chart Data List) - Success
INFO, 2023-03-10 09:35:12,169, dashboard_function.py - GpuServerDataList - Success
INFO, 2023-03-10 09:35:12,260, dashboard_function.py - connectIpDataList - Success
INFO, 2023-03-10 09:35:12,342, dashboard_function.py - connectServerDataList - Success
INFO, 2023-03-10 09:35:12,421, dashboard_function.py - memoryMoreDataList - Success
INFO, 2023-03-10 09:35:26,029, dashboard_function.py - server_BChartDataList - Success
INFO, 2023-03-10 09:35:26,107, dashboard_function.py - service_donutChartData - Success
INFO, 2023-03-10 09:35:26,197, dashboard_function.py - alarmData - Success
INFO, 2023-03-10 09:35:26,293, dashboard_function.py - server_LChartDataList - Success
INFO, 2023-03-10 09:35:26,379, dashboard_function.py - os_donutChartData - Success
INFO, 2023-03-10 09:35:26,461, dashboard_function.py - vendorChartList - Success
INFO, 2023-03-10 09:35:26,544, dashboard_function.py - alarm_donutChartData - Success
INFO, 2023-03-10 09:35:26,706, dashboard_function.py - BNChartDataList - Success
INFO, 2023-03-10 09:35:26,707, dashboard_function.py - WMCDL(World Map Chart Data List) - Success
INFO, 2023-03-10 09:35:26,797, dashboard_function.py - GpuServerDataList - Success
INFO, 2023-03-10 09:35:26,902, dashboard_function.py - connectIpDataList - Success
INFO, 2023-03-10 09:35:27,000, dashboard_function.py - connectServerDataList - Success
INFO, 2023-03-10 09:35:27,095, dashboard_function.py - memoryMoreDataList - Success
INFO, 2023-03-10 09:35:54,148, dashboard_function.py - server_BChartDataList - Success
INFO, 2023-03-10 09:35:54,237, dashboard_function.py - service_donutChartData - Success
INFO, 2023-03-10 09:35:54,317, dashboard_function.py - alarmData - Success
INFO, 2023-03-10 09:35:54,396, dashboard_function.py - server_LChartDataList - Success
INFO, 2023-03-10 09:35:54,472, dashboard_function.py - os_donutChartData - Success
INFO, 2023-03-10 09:35:54,549, dashboard_function.py - vendorChartList - Success
INFO, 2023-03-10 09:35:54,623, dashboard_function.py - alarm_donutChartData - Success
INFO, 2023-03-10 09:35:54,884, dashboard_function.py - BNChartDataList - Success
INFO, 2023-03-10 09:35:54,884, dashboard_function.py - WMCDL(World Map Chart Data List) - Success
INFO, 2023-03-10 09:35:54,958, dashboard_function.py - GpuServerDataList - Success
INFO, 2023-03-10 09:35:55,055, dashboard_function.py - connectIpDataList - Success
INFO, 2023-03-10 09:35:55,157, dashboard_function.py - connectServerDataList - Success
INFO, 2023-03-10 09:35:55,353, dashboard_function.py - memoryMoreDataList - Success
INFO, 2023-03-10 09:36:12,804, dashboard_function.py - server_BChartDataList - Success
INFO, 2023-03-10 09:36:12,902, dashboard_function.py - service_donutChartData - Success
INFO, 2023-03-10 09:36:12,984, dashboard_function.py - alarmData - Success
INFO, 2023-03-10 09:36:13,072, dashboard_function.py - server_LChartDataList - Success
INFO, 2023-03-10 09:36:13,164, dashboard_function.py - os_donutChartData - Success
INFO, 2023-03-10 09:36:13,250, dashboard_function.py - vendorChartList - Success
INFO, 2023-03-10 09:36:13,334, dashboard_function.py - alarm_donutChartData - Success
INFO, 2023-03-10 09:36:13,521, dashboard_function.py - BNChartDataList - Success
INFO, 2023-03-10 09:36:13,521, dashboard_function.py - WMCDL(World Map Chart Data List) - Success
INFO, 2023-03-10 09:36:13,617, dashboard_function.py - GpuServerDataList - Success
INFO, 2023-03-10 09:36:13,823, dashboard_function.py - connectIpDataList - Success
INFO, 2023-03-10 09:36:13,936, dashboard_function.py - connectServerDataList - Success
INFO, 2023-03-10 09:36:14,034, dashboard_function.py - memoryMoreDataList - Success
INFO, 2023-03-10 09:36:36,213, dashboard_function.py - server_BChartDataList - Success
INFO, 2023-03-10 09:36:36,413, dashboard_function.py - service_donutChartData - Success
INFO, 2023-03-10 09:36:36,514, dashboard_function.py - alarmData - Success
INFO, 2023-03-10 09:36:36,604, dashboard_function.py - server_LChartDataList - Success
INFO, 2023-03-10 09:36:36,689, dashboard_function.py - os_donutChartData - Success
INFO, 2023-03-10 09:36:36,781, dashboard_function.py - vendorChartList - Success
INFO, 2023-03-10 09:36:36,862, dashboard_function.py - alarm_donutChartData - Success
INFO, 2023-03-10 09:36:37,053, dashboard_function.py - BNChartDataList - Success
INFO, 2023-03-10 09:36:37,053, dashboard_function.py - WMCDL(World Map Chart Data List) - Success
INFO, 2023-03-10 09:36:37,158, dashboard_function.py - GpuServerDataList - Success
INFO, 2023-03-10 09:36:37,261, dashboard_function.py - connectIpDataList - Success
INFO, 2023-03-10 09:36:37,359, dashboard_function.py - connectServerDataList - Success
INFO, 2023-03-10 09:36:37,454, dashboard_function.py - memoryMoreDataList - Success
INFO, 2023-03-10 09:37:01,513, dashboard_function.py - server_BChartDataList - Success
INFO, 2023-03-10 09:37:01,657, dashboard_function.py - service_donutChartData - Success
INFO, 2023-03-10 09:37:01,766, dashboard_function.py - alarmData - Success
INFO, 2023-03-10 09:37:01,878, dashboard_function.py - server_LChartDataList - Success
INFO, 2023-03-10 09:37:01,997, dashboard_function.py - os_donutChartData - Success
INFO, 2023-03-10 09:37:02,109, dashboard_function.py - vendorChartList - Success
INFO, 2023-03-10 09:37:02,225, dashboard_function.py - alarm_donutChartData - Success
INFO, 2023-03-10 09:37:02,434, dashboard_function.py - BNChartDataList - Success
INFO, 2023-03-10 09:37:02,435, dashboard_function.py - WMCDL(World Map Chart Data List) - Success
INFO, 2023-03-10 09:37:02,536, dashboard_function.py - GpuServerDataList - Success
INFO, 2023-03-10 09:37:02,636, dashboard_function.py - connectIpDataList - Success
INFO, 2023-03-10 09:37:02,845, dashboard_function.py - connectServerDataList - Success
INFO, 2023-03-10 09:37:02,950, dashboard_function.py - memoryMoreDataList - Success
INFO, 2023-03-10 09:47:03,810, dashboard_function.py - server_BChartDataList - Success
INFO, 2023-03-10 09:47:03,898, dashboard_function.py - service_donutChartData - Success
INFO, 2023-03-10 09:47:04,097, dashboard_function.py - alarmData - Success
INFO, 2023-03-10 09:47:04,183, dashboard_function.py - server_LChartDataList - Success
INFO, 2023-03-10 09:47:04,269, dashboard_function.py - os_donutChartData - Success
INFO, 2023-03-10 09:47:04,356, dashboard_function.py - vendorChartList - Success
INFO, 2023-03-10 09:47:04,444, dashboard_function.py - alarm_donutChartData - Success
INFO, 2023-03-10 09:47:04,620, dashboard_function.py - BNChartDataList - Success
INFO, 2023-03-10 09:47:04,620, dashboard_function.py - WMCDL(World Map Chart Data List) - Success
INFO, 2023-03-10 09:47:04,703, dashboard_function.py - GpuServerDataList - Success
INFO, 2023-03-10 09:47:04,784, dashboard_function.py - connectIpDataList - Success
INFO, 2023-03-10 09:47:04,874, dashboard_function.py - connectServerDataList - Success
INFO, 2023-03-10 09:47:04,962, dashboard_function.py - memoryMoreDataList - Success
