INFO, 2023-03-09 08:51:56,353, dashboard_function.py - server_BChartDataList - Success
INFO, 2023-03-09 08:51:56,885, dashboard_function.py - service_donutChartData - Success
INFO, 2023-03-09 08:51:57,052, dashboard_function.py - alarmData - Success
INFO, 2023-03-09 08:51:57,512, dashboard_function.py - server_LChartDataList - Success
INFO, 2023-03-09 08:51:57,627, dashboard_function.py - os_donutChartData - Success
INFO, 2023-03-09 08:51:57,749, dashboard_function.py - vendorChartList - Success
INFO, 2023-03-09 08:51:57,932, dashboard_function.py - alarm_donutChartData - Success
INFO, 2023-03-09 08:51:58,667, dashboard_function.py - BNChartDataList - Success
INFO, 2023-03-09 08:51:58,668, dashboard_function.py - WMCDL(World Map Chart Data List) - Success
INFO, 2023-03-09 08:51:59,283, dashboard_function.py - connectIpDataList - Success
INFO, 2023-03-09 08:51:59,915, dashboard_function.py - connectServerDataList - Success
INFO, 2023-03-09 08:52:00,153, dashboard_function.py - memoryMoreDataList - Success
INFO, 2023-03-09 09:02:10,426, dashboard_function.py - server_BChartDataList - Success
INFO, 2023-03-09 09:02:10,497, dashboard_function.py - service_donutChartData - Success
INFO, 2023-03-09 09:02:10,566, dashboard_function.py - alarmData - Success
INFO, 2023-03-09 09:02:10,641, dashboard_function.py - server_LChartDataList - Success
INFO, 2023-03-09 09:02:10,715, dashboard_function.py - os_donutChartData - Success
INFO, 2023-03-09 09:02:10,790, dashboard_function.py - vendorChartList - Success
INFO, 2023-03-09 09:02:10,866, dashboard_function.py - alarm_donutChartData - Success
INFO, 2023-03-09 09:02:11,126, dashboard_function.py - BNChartDataList - Success
INFO, 2023-03-09 09:02:11,127, dashboard_function.py - WMCDL(World Map Chart Data List) - Success
INFO, 2023-03-09 09:02:11,203, dashboard_function.py - GpuServerDataList - Success
INFO, 2023-03-09 09:02:11,274, dashboard_function.py - connectIpDataList - Success
INFO, 2023-03-09 09:02:11,348, dashboard_function.py - connectServerDataList - Success
INFO, 2023-03-09 09:02:11,422, dashboard_function.py - memoryMoreDataList - Success
INFO, 2023-03-09 09:12:12,560, dashboard_function.py - server_BChartDataList - Success
INFO, 2023-03-09 09:12:12,631, dashboard_function.py - service_donutChartData - Success
INFO, 2023-03-09 09:12:12,710, dashboard_function.py - alarmData - Success
INFO, 2023-03-09 09:12:12,769, dashboard_function.py - server_LChartDataList - Success
INFO, 2023-03-09 09:12:12,850, dashboard_function.py - os_donutChartData - Success
INFO, 2023-03-09 09:12:13,050, dashboard_function.py - vendorChartList - Success
INFO, 2023-03-09 09:12:13,120, dashboard_function.py - alarm_donutChartData - Success
INFO, 2023-03-09 09:12:13,401, dashboard_function.py - BNChartDataList - Success
INFO, 2023-03-09 09:12:13,401, dashboard_function.py - WMCDL(World Map Chart Data List) - Success
INFO, 2023-03-09 09:12:13,482, dashboard_function.py - GpuServerDataList - Success
INFO, 2023-03-09 09:12:13,571, dashboard_function.py - connectIpDataList - Success
INFO, 2023-03-09 09:12:13,651, dashboard_function.py - connectServerDataList - Success
INFO, 2023-03-09 09:12:13,732, dashboard_function.py - memoryMoreDataList - Success
INFO, 2023-03-09 09:22:14,429, dashboard_function.py - server_BChartDataList - Success
INFO, 2023-03-09 09:22:14,514, dashboard_function.py - service_donutChartData - Success
INFO, 2023-03-09 09:22:14,598, dashboard_function.py - alarmData - Success
INFO, 2023-03-09 09:22:14,679, dashboard_function.py - server_LChartDataList - Success
INFO, 2023-03-09 09:22:14,769, dashboard_function.py - os_donutChartData - Success
INFO, 2023-03-09 09:22:14,853, dashboard_function.py - vendorChartList - Success
INFO, 2023-03-09 09:22:14,940, dashboard_function.py - alarm_donutChartData - Success
INFO, 2023-03-09 09:22:15,197, dashboard_function.py - BNChartDataList - Success
INFO, 2023-03-09 09:22:15,197, dashboard_function.py - WMCDL(World Map Chart Data List) - Success
INFO, 2023-03-09 09:22:15,270, dashboard_function.py - GpuServerDataList - Success
INFO, 2023-03-09 09:22:15,340, dashboard_function.py - connectIpDataList - Success
INFO, 2023-03-09 09:22:15,416, dashboard_function.py - connectServerDataList - Success
INFO, 2023-03-09 09:22:15,502, dashboard_function.py - memoryMoreDataList - Success
INFO, 2023-03-09 09:32:16,427, dashboard_function.py - server_BChartDataList - Success
INFO, 2023-03-09 09:32:16,510, dashboard_function.py - service_donutChartData - Success
INFO, 2023-03-09 09:32:16,594, dashboard_function.py - alarmData - Success
INFO, 2023-03-09 09:32:16,681, dashboard_function.py - server_LChartDataList - Success
INFO, 2023-03-09 09:32:16,759, dashboard_function.py - os_donutChartData - Success
INFO, 2023-03-09 09:32:16,835, dashboard_function.py - vendorChartList - Success
INFO, 2023-03-09 09:32:16,911, dashboard_function.py - alarm_donutChartData - Success
INFO, 2023-03-09 09:32:17,077, dashboard_function.py - BNChartDataList - Success
INFO, 2023-03-09 09:32:17,077, dashboard_function.py - WMCDL(World Map Chart Data List) - Success
INFO, 2023-03-09 09:32:17,165, dashboard_function.py - GpuServerDataList - Success
INFO, 2023-03-09 09:32:17,262, dashboard_function.py - connectIpDataList - Success
INFO, 2023-03-09 09:32:17,338, dashboard_function.py - connectServerDataList - Success
INFO, 2023-03-09 09:32:17,548, dashboard_function.py - memoryMoreDataList - Success
INFO, 2023-03-09 09:42:18,453, dashboard_function.py - server_BChartDataList - Success
INFO, 2023-03-09 09:42:18,533, dashboard_function.py - service_donutChartData - Success
INFO, 2023-03-09 09:42:18,606, dashboard_function.py - alarmData - Success
INFO, 2023-03-09 09:42:18,685, dashboard_function.py - server_LChartDataList - Success
INFO, 2023-03-09 09:42:18,762, dashboard_function.py - os_donutChartData - Success
INFO, 2023-03-09 09:42:18,829, dashboard_function.py - vendorChartList - Success
INFO, 2023-03-09 09:42:18,893, dashboard_function.py - alarm_donutChartData - Success
INFO, 2023-03-09 09:42:19,052, dashboard_function.py - BNChartDataList - Success
INFO, 2023-03-09 09:42:19,052, dashboard_function.py - WMCDL(World Map Chart Data List) - Success
INFO, 2023-03-09 09:42:19,120, dashboard_function.py - GpuServerDataList - Success
INFO, 2023-03-09 09:42:19,201, dashboard_function.py - connectIpDataList - Success
INFO, 2023-03-09 09:42:19,266, dashboard_function.py - connectServerDataList - Success
INFO, 2023-03-09 09:42:19,344, dashboard_function.py - memoryMoreDataList - Success
INFO, 2023-03-09 09:52:20,445, dashboard_function.py - server_BChartDataList - Success
INFO, 2023-03-09 09:52:20,519, dashboard_function.py - service_donutChartData - Success
INFO, 2023-03-09 09:52:20,601, dashboard_function.py - alarmData - Success
INFO, 2023-03-09 09:52:20,678, dashboard_function.py - server_LChartDataList - Success
INFO, 2023-03-09 09:52:20,752, dashboard_function.py - os_donutChartData - Success
INFO, 2023-03-09 09:52:20,830, dashboard_function.py - vendorChartList - Success
INFO, 2023-03-09 09:52:20,902, dashboard_function.py - alarm_donutChartData - Success
INFO, 2023-03-09 09:52:21,049, dashboard_function.py - BNChartDataList - Success
INFO, 2023-03-09 09:52:21,050, dashboard_function.py - WMCDL(World Map Chart Data List) - Success
INFO, 2023-03-09 09:52:21,121, dashboard_function.py - GpuServerDataList - Success
INFO, 2023-03-09 09:52:21,190, dashboard_function.py - connectIpDataList - Success
INFO, 2023-03-09 09:52:21,262, dashboard_function.py - connectServerDataList - Success
INFO, 2023-03-09 09:52:21,339, dashboard_function.py - memoryMoreDataList - Success
INFO, 2023-03-09 10:02:22,428, dashboard_function.py - server_BChartDataList - Success
INFO, 2023-03-09 10:02:22,498, dashboard_function.py - service_donutChartData - Success
INFO, 2023-03-09 10:02:22,569, dashboard_function.py - alarmData - Success
INFO, 2023-03-09 10:02:22,758, dashboard_function.py - server_LChartDataList - Success
INFO, 2023-03-09 10:02:22,828, dashboard_function.py - os_donutChartData - Success
INFO, 2023-03-09 10:02:22,899, dashboard_function.py - vendorChartList - Success
INFO, 2023-03-09 10:02:22,969, dashboard_function.py - alarm_donutChartData - Success
INFO, 2023-03-09 10:02:23,114, dashboard_function.py - BNChartDataList - Success
INFO, 2023-03-09 10:02:23,114, dashboard_function.py - WMCDL(World Map Chart Data List) - Success
INFO, 2023-03-09 10:02:23,187, dashboard_function.py - GpuServerDataList - Success
INFO, 2023-03-09 10:02:23,257, dashboard_function.py - connectIpDataList - Success
INFO, 2023-03-09 10:02:23,328, dashboard_function.py - connectServerDataList - Success
INFO, 2023-03-09 10:02:23,398, dashboard_function.py - memoryMoreDataList - Success
INFO, 2023-03-09 10:12:24,446, dashboard_function.py - server_BChartDataList - Success
INFO, 2023-03-09 10:12:24,535, dashboard_function.py - service_donutChartData - Success
INFO, 2023-03-09 10:12:24,718, dashboard_function.py - alarmData - Success
INFO, 2023-03-09 10:12:24,802, dashboard_function.py - server_LChartDataList - Success
INFO, 2023-03-09 10:12:24,879, dashboard_function.py - os_donutChartData - Success
INFO, 2023-03-09 10:12:24,953, dashboard_function.py - vendorChartList - Success
INFO, 2023-03-09 10:12:25,024, dashboard_function.py - alarm_donutChartData - Success
INFO, 2023-03-09 10:12:25,170, dashboard_function.py - BNChartDataList - Success
INFO, 2023-03-09 10:12:25,171, dashboard_function.py - WMCDL(World Map Chart Data List) - Success
INFO, 2023-03-09 10:12:25,244, dashboard_function.py - GpuServerDataList - Success
INFO, 2023-03-09 10:12:25,316, dashboard_function.py - connectIpDataList - Success
INFO, 2023-03-09 10:12:25,389, dashboard_function.py - connectServerDataList - Success
INFO, 2023-03-09 10:12:25,458, dashboard_function.py - memoryMoreDataList - Success
INFO, 2023-03-09 10:22:26,432, dashboard_function.py - server_BChartDataList - Success
INFO, 2023-03-09 10:22:26,502, dashboard_function.py - service_donutChartData - Success
INFO, 2023-03-09 10:22:26,573, dashboard_function.py - alarmData - Success
INFO, 2023-03-09 10:22:26,655, dashboard_function.py - server_LChartDataList - Success
INFO, 2023-03-09 10:22:26,731, dashboard_function.py - os_donutChartData - Success
INFO, 2023-03-09 10:22:26,802, dashboard_function.py - vendorChartList - Success
INFO, 2023-03-09 10:22:26,871, dashboard_function.py - alarm_donutChartData - Success
INFO, 2023-03-09 10:22:27,023, dashboard_function.py - BNChartDataList - Success
INFO, 2023-03-09 10:22:27,023, dashboard_function.py - WMCDL(World Map Chart Data List) - Success
INFO, 2023-03-09 10:22:27,097, dashboard_function.py - GpuServerDataList - Success
INFO, 2023-03-09 10:22:27,181, dashboard_function.py - connectIpDataList - Success
INFO, 2023-03-09 10:22:27,252, dashboard_function.py - connectServerDataList - Success
INFO, 2023-03-09 10:22:27,323, dashboard_function.py - memoryMoreDataList - Success
INFO, 2023-03-09 10:32:28,435, dashboard_function.py - server_BChartDataList - Success
INFO, 2023-03-09 10:32:28,523, dashboard_function.py - service_donutChartData - Success
INFO, 2023-03-09 10:32:28,618, dashboard_function.py - alarmData - Success
INFO, 2023-03-09 10:32:28,709, dashboard_function.py - server_LChartDataList - Success
INFO, 2023-03-09 10:32:28,826, dashboard_function.py - os_donutChartData - Success
INFO, 2023-03-09 10:32:28,950, dashboard_function.py - vendorChartList - Success
INFO, 2023-03-09 10:32:29,087, dashboard_function.py - alarm_donutChartData - Success
INFO, 2023-03-09 10:32:29,391, dashboard_function.py - BNChartDataList - Success
INFO, 2023-03-09 10:32:29,392, dashboard_function.py - WMCDL(World Map Chart Data List) - Success
INFO, 2023-03-09 10:32:29,523, dashboard_function.py - GpuServerDataList - Success
INFO, 2023-03-09 10:32:29,682, dashboard_function.py - connectIpDataList - Success
INFO, 2023-03-09 10:32:29,842, dashboard_function.py - connectServerDataList - Success
INFO, 2023-03-09 10:32:29,982, dashboard_function.py - memoryMoreDataList - Success
INFO, 2023-03-09 10:42:35,247, dashboard_function.py - server_BChartDataList - Success
INFO, 2023-03-09 10:42:36,032, dashboard_function.py - service_donutChartData - Success
INFO, 2023-03-09 10:42:36,830, dashboard_function.py - alarmData - Success
INFO, 2023-03-09 10:42:37,399, dashboard_function.py - server_LChartDataList - Success
INFO, 2023-03-09 10:42:37,898, dashboard_function.py - os_donutChartData - Success
INFO, 2023-03-09 10:42:38,376, dashboard_function.py - vendorChartList - Success
INFO, 2023-03-09 10:42:38,716, dashboard_function.py - alarm_donutChartData - Success
INFO, 2023-03-09 10:42:39,482, dashboard_function.py - BNChartDataList - Success
INFO, 2023-03-09 10:42:39,485, dashboard_function.py - WMCDL(World Map Chart Data List) - Success
INFO, 2023-03-09 10:42:39,959, dashboard_function.py - GpuServerDataList - Success
INFO, 2023-03-09 10:42:40,273, dashboard_function.py - connectIpDataList - Success
INFO, 2023-03-09 10:42:40,596, dashboard_function.py - connectServerDataList - Success
INFO, 2023-03-09 10:42:40,904, dashboard_function.py - memoryMoreDataList - Success
INFO, 2023-03-09 10:52:42,468, dashboard_function.py - server_BChartDataList - Success
INFO, 2023-03-09 10:52:42,542, dashboard_function.py - service_donutChartData - Success
INFO, 2023-03-09 10:52:42,612, dashboard_function.py - alarmData - Success
INFO, 2023-03-09 10:52:42,691, dashboard_function.py - server_LChartDataList - Success
INFO, 2023-03-09 10:52:42,768, dashboard_function.py - os_donutChartData - Success
INFO, 2023-03-09 10:52:42,848, dashboard_function.py - vendorChartList - Success
INFO, 2023-03-09 10:52:42,925, dashboard_function.py - alarm_donutChartData - Success
INFO, 2023-03-09 10:52:43,079, dashboard_function.py - BNChartDataList - Success
INFO, 2023-03-09 10:52:43,079, dashboard_function.py - WMCDL(World Map Chart Data List) - Success
INFO, 2023-03-09 10:52:43,231, dashboard_function.py - connectIpDataList - Success
INFO, 2023-03-09 10:52:43,306, dashboard_function.py - connectServerDataList - Success
INFO, 2023-03-09 10:52:43,382, dashboard_function.py - memoryMoreDataList - Success
INFO, 2023-03-09 11:02:44,450, dashboard_function.py - server_BChartDataList - Success
INFO, 2023-03-09 11:02:44,535, dashboard_function.py - service_donutChartData - Success
INFO, 2023-03-09 11:02:44,625, dashboard_function.py - alarmData - Success
INFO, 2023-03-09 11:02:44,707, dashboard_function.py - server_LChartDataList - Success
INFO, 2023-03-09 11:02:44,789, dashboard_function.py - os_donutChartData - Success
INFO, 2023-03-09 11:02:44,868, dashboard_function.py - vendorChartList - Success
INFO, 2023-03-09 11:02:44,947, dashboard_function.py - alarm_donutChartData - Success
INFO, 2023-03-09 11:02:45,130, dashboard_function.py - BNChartDataList - Success
INFO, 2023-03-09 11:02:45,131, dashboard_function.py - WMCDL(World Map Chart Data List) - Success
INFO, 2023-03-09 11:02:45,319, dashboard_function.py - connectIpDataList - Success
INFO, 2023-03-09 11:02:45,510, dashboard_function.py - connectServerDataList - Success
INFO, 2023-03-09 11:02:45,587, dashboard_function.py - memoryMoreDataList - Success
INFO, 2023-03-09 11:12:46,443, dashboard_function.py - server_BChartDataList - Success
INFO, 2023-03-09 11:12:46,517, dashboard_function.py - service_donutChartData - Success
INFO, 2023-03-09 11:12:46,600, dashboard_function.py - alarmData - Success
INFO, 2023-03-09 11:12:46,681, dashboard_function.py - server_LChartDataList - Success
INFO, 2023-03-09 11:12:46,767, dashboard_function.py - os_donutChartData - Success
INFO, 2023-03-09 11:12:46,852, dashboard_function.py - vendorChartList - Success
INFO, 2023-03-09 11:12:46,934, dashboard_function.py - alarm_donutChartData - Success
INFO, 2023-03-09 11:12:47,094, dashboard_function.py - BNChartDataList - Success
INFO, 2023-03-09 11:12:47,094, dashboard_function.py - WMCDL(World Map Chart Data List) - Success
INFO, 2023-03-09 11:12:47,252, dashboard_function.py - connectIpDataList - Success
INFO, 2023-03-09 11:12:47,318, dashboard_function.py - connectServerDataList - Success
INFO, 2023-03-09 11:12:47,409, dashboard_function.py - memoryMoreDataList - Success
INFO, 2023-03-09 11:22:48,438, dashboard_function.py - server_BChartDataList - Success
INFO, 2023-03-09 11:22:48,521, dashboard_function.py - service_donutChartData - Success
INFO, 2023-03-09 11:22:48,608, dashboard_function.py - alarmData - Success
INFO, 2023-03-09 11:22:48,696, dashboard_function.py - server_LChartDataList - Success
INFO, 2023-03-09 11:22:48,772, dashboard_function.py - os_donutChartData - Success
INFO, 2023-03-09 11:22:48,851, dashboard_function.py - vendorChartList - Success
INFO, 2023-03-09 11:22:48,924, dashboard_function.py - alarm_donutChartData - Success
INFO, 2023-03-09 11:22:49,072, dashboard_function.py - BNChartDataList - Success
INFO, 2023-03-09 11:22:49,072, dashboard_function.py - WMCDL(World Map Chart Data List) - Success
INFO, 2023-03-09 11:22:49,145, dashboard_function.py - GpuServerDataList - Success
INFO, 2023-03-09 11:22:49,220, dashboard_function.py - connectIpDataList - Success
INFO, 2023-03-09 11:22:49,294, dashboard_function.py - connectServerDataList - Success
INFO, 2023-03-09 11:22:49,365, dashboard_function.py - memoryMoreDataList - Success
INFO, 2023-03-09 11:32:50,450, dashboard_function.py - server_BChartDataList - Success
INFO, 2023-03-09 11:32:50,644, dashboard_function.py - service_donutChartData - Success
INFO, 2023-03-09 11:32:50,719, dashboard_function.py - alarmData - Success
INFO, 2023-03-09 11:32:50,802, dashboard_function.py - server_LChartDataList - Success
INFO, 2023-03-09 11:32:50,887, dashboard_function.py - os_donutChartData - Success
INFO, 2023-03-09 11:32:50,973, dashboard_function.py - vendorChartList - Success
INFO, 2023-03-09 11:32:51,063, dashboard_function.py - alarm_donutChartData - Success
INFO, 2023-03-09 11:32:51,352, dashboard_function.py - BNChartDataList - Success
INFO, 2023-03-09 11:32:51,352, dashboard_function.py - WMCDL(World Map Chart Data List) - Success
INFO, 2023-03-09 11:32:51,563, dashboard_function.py - connectIpDataList - Success
INFO, 2023-03-09 11:32:51,759, dashboard_function.py - connectServerDataList - Success
INFO, 2023-03-09 11:32:51,999, dashboard_function.py - memoryMoreDataList - Success
INFO, 2023-03-09 11:42:53,423, dashboard_function.py - server_BChartDataList - Success
INFO, 2023-03-09 11:42:53,493, dashboard_function.py - service_donutChartData - Success
INFO, 2023-03-09 11:42:53,565, dashboard_function.py - alarmData - Success
INFO, 2023-03-09 11:42:53,647, dashboard_function.py - server_LChartDataList - Success
INFO, 2023-03-09 11:42:53,725, dashboard_function.py - os_donutChartData - Success
INFO, 2023-03-09 11:42:53,802, dashboard_function.py - vendorChartList - Success
INFO, 2023-03-09 11:42:53,880, dashboard_function.py - alarm_donutChartData - Success
INFO, 2023-03-09 11:42:54,053, dashboard_function.py - BNChartDataList - Success
INFO, 2023-03-09 11:42:54,054, dashboard_function.py - WMCDL(World Map Chart Data List) - Success
INFO, 2023-03-09 11:42:54,200, dashboard_function.py - connectIpDataList - Success
INFO, 2023-03-09 11:42:54,271, dashboard_function.py - connectServerDataList - Success
INFO, 2023-03-09 11:42:54,341, dashboard_function.py - memoryMoreDataList - Success
INFO, 2023-03-09 11:52:55,455, dashboard_function.py - server_BChartDataList - Success
INFO, 2023-03-09 11:52:55,537, dashboard_function.py - service_donutChartData - Success
INFO, 2023-03-09 11:52:55,620, dashboard_function.py - alarmData - Success
INFO, 2023-03-09 11:52:55,705, dashboard_function.py - server_LChartDataList - Success
INFO, 2023-03-09 11:52:55,783, dashboard_function.py - os_donutChartData - Success
INFO, 2023-03-09 11:52:55,861, dashboard_function.py - vendorChartList - Success
INFO, 2023-03-09 11:52:55,962, dashboard_function.py - alarm_donutChartData - Success
INFO, 2023-03-09 11:52:56,181, dashboard_function.py - BNChartDataList - Success
INFO, 2023-03-09 11:52:56,181, dashboard_function.py - WMCDL(World Map Chart Data List) - Success
INFO, 2023-03-09 11:52:56,372, dashboard_function.py - connectIpDataList - Success
INFO, 2023-03-09 11:52:56,470, dashboard_function.py - connectServerDataList - Success
INFO, 2023-03-09 11:52:56,555, dashboard_function.py - memoryMoreDataList - Success
INFO, 2023-03-09 12:02:57,434, dashboard_function.py - server_BChartDataList - Success
INFO, 2023-03-09 12:02:57,515, dashboard_function.py - service_donutChartData - Success
INFO, 2023-03-09 12:02:57,589, dashboard_function.py - alarmData - Success
INFO, 2023-03-09 12:02:57,669, dashboard_function.py - server_LChartDataList - Success
INFO, 2023-03-09 12:02:57,747, dashboard_function.py - os_donutChartData - Success
INFO, 2023-03-09 12:02:57,823, dashboard_function.py - vendorChartList - Success
INFO, 2023-03-09 12:02:57,908, dashboard_function.py - alarm_donutChartData - Success
INFO, 2023-03-09 12:02:58,070, dashboard_function.py - BNChartDataList - Success
INFO, 2023-03-09 12:02:58,070, dashboard_function.py - WMCDL(World Map Chart Data List) - Success
INFO, 2023-03-09 12:02:58,219, dashboard_function.py - connectIpDataList - Success
INFO, 2023-03-09 12:02:58,299, dashboard_function.py - connectServerDataList - Success
INFO, 2023-03-09 12:02:58,375, dashboard_function.py - memoryMoreDataList - Success
INFO, 2023-03-09 12:07:11,720, dashboard_function.py - server_BChartDataList - Success
INFO, 2023-03-09 12:07:11,844, dashboard_function.py - service_donutChartData - Success
INFO, 2023-03-09 12:07:11,972, dashboard_function.py - alarmData - Success
INFO, 2023-03-09 12:07:12,096, dashboard_function.py - server_LChartDataList - Success
INFO, 2023-03-09 12:07:12,214, dashboard_function.py - os_donutChartData - Success
INFO, 2023-03-09 12:07:12,327, dashboard_function.py - vendorChartList - Success
INFO, 2023-03-09 12:07:12,456, dashboard_function.py - alarm_donutChartData - Success
INFO, 2023-03-09 12:07:12,740, dashboard_function.py - BNChartDataList - Success
INFO, 2023-03-09 12:07:12,740, dashboard_function.py - WMCDL(World Map Chart Data List) - Success
INFO, 2023-03-09 12:07:12,878, dashboard_function.py - GpuServerDataList - Success
INFO, 2023-03-09 12:07:13,021, dashboard_function.py - connectIpDataList - Success
INFO, 2023-03-09 12:07:13,154, dashboard_function.py - connectServerDataList - Success
INFO, 2023-03-09 12:07:13,280, dashboard_function.py - memoryMoreDataList - Success
INFO, 2023-03-09 12:17:14,427, dashboard_function.py - server_BChartDataList - Success
INFO, 2023-03-09 12:17:14,504, dashboard_function.py - service_donutChartData - Success
INFO, 2023-03-09 12:17:14,574, dashboard_function.py - alarmData - Success
INFO, 2023-03-09 12:17:14,649, dashboard_function.py - server_LChartDataList - Success
INFO, 2023-03-09 12:17:14,721, dashboard_function.py - os_donutChartData - Success
INFO, 2023-03-09 12:17:14,794, dashboard_function.py - vendorChartList - Success
INFO, 2023-03-09 12:17:14,868, dashboard_function.py - alarm_donutChartData - Success
INFO, 2023-03-09 12:17:15,023, dashboard_function.py - BNChartDataList - Success
INFO, 2023-03-09 12:17:15,024, dashboard_function.py - WMCDL(World Map Chart Data List) - Success
INFO, 2023-03-09 12:17:15,105, dashboard_function.py - GpuServerDataList - Success
INFO, 2023-03-09 12:17:15,179, dashboard_function.py - connectIpDataList - Success
INFO, 2023-03-09 12:17:15,249, dashboard_function.py - connectServerDataList - Success
INFO, 2023-03-09 12:17:15,333, dashboard_function.py - memoryMoreDataList - Success
INFO, 2023-03-09 12:27:16,421, dashboard_function.py - server_BChartDataList - Success
INFO, 2023-03-09 12:27:16,496, dashboard_function.py - service_donutChartData - Success
INFO, 2023-03-09 12:27:16,584, dashboard_function.py - alarmData - Success
INFO, 2023-03-09 12:27:16,667, dashboard_function.py - server_LChartDataList - Success
INFO, 2023-03-09 12:27:16,746, dashboard_function.py - os_donutChartData - Success
INFO, 2023-03-09 12:27:16,824, dashboard_function.py - vendorChartList - Success
INFO, 2023-03-09 12:27:16,905, dashboard_function.py - alarm_donutChartData - Success
INFO, 2023-03-09 12:27:17,063, dashboard_function.py - BNChartDataList - Success
INFO, 2023-03-09 12:27:17,064, dashboard_function.py - WMCDL(World Map Chart Data List) - Success
INFO, 2023-03-09 12:27:17,142, dashboard_function.py - GpuServerDataList - Success
INFO, 2023-03-09 12:27:17,219, dashboard_function.py - connectIpDataList - Success
INFO, 2023-03-09 12:27:17,293, dashboard_function.py - connectServerDataList - Success
INFO, 2023-03-09 12:27:17,370, dashboard_function.py - memoryMoreDataList - Success
INFO, 2023-03-09 12:37:18,436, dashboard_function.py - server_BChartDataList - Success
INFO, 2023-03-09 12:37:18,615, dashboard_function.py - service_donutChartData - Success
INFO, 2023-03-09 12:37:18,695, dashboard_function.py - alarmData - Success
INFO, 2023-03-09 12:37:18,777, dashboard_function.py - server_LChartDataList - Success
INFO, 2023-03-09 12:37:18,873, dashboard_function.py - os_donutChartData - Success
INFO, 2023-03-09 12:37:18,967, dashboard_function.py - vendorChartList - Success
INFO, 2023-03-09 12:37:19,071, dashboard_function.py - alarm_donutChartData - Success
INFO, 2023-03-09 12:37:19,306, dashboard_function.py - BNChartDataList - Success
INFO, 2023-03-09 12:37:19,307, dashboard_function.py - WMCDL(World Map Chart Data List) - Success
INFO, 2023-03-09 12:37:19,420, dashboard_function.py - GpuServerDataList - Success
INFO, 2023-03-09 12:37:19,531, dashboard_function.py - connectIpDataList - Success
INFO, 2023-03-09 12:37:19,753, dashboard_function.py - connectServerDataList - Success
INFO, 2023-03-09 12:37:19,971, dashboard_function.py - memoryMoreDataList - Success
INFO, 2023-03-09 12:47:21,425, dashboard_function.py - server_BChartDataList - Success
INFO, 2023-03-09 12:47:21,499, dashboard_function.py - service_donutChartData - Success
INFO, 2023-03-09 12:47:21,595, dashboard_function.py - alarmData - Success
INFO, 2023-03-09 12:47:21,685, dashboard_function.py - server_LChartDataList - Success
INFO, 2023-03-09 12:47:21,760, dashboard_function.py - os_donutChartData - Success
INFO, 2023-03-09 12:47:21,848, dashboard_function.py - vendorChartList - Success
INFO, 2023-03-09 12:47:21,927, dashboard_function.py - alarm_donutChartData - Success
INFO, 2023-03-09 12:47:22,093, dashboard_function.py - BNChartDataList - Success
INFO, 2023-03-09 12:47:22,094, dashboard_function.py - WMCDL(World Map Chart Data List) - Success
INFO, 2023-03-09 12:47:22,177, dashboard_function.py - GpuServerDataList - Success
INFO, 2023-03-09 12:47:22,258, dashboard_function.py - connectIpDataList - Success
INFO, 2023-03-09 12:47:22,338, dashboard_function.py - connectServerDataList - Success
INFO, 2023-03-09 12:47:22,516, dashboard_function.py - memoryMoreDataList - Success
INFO, 2023-03-09 12:57:23,434, dashboard_function.py - server_BChartDataList - Success
INFO, 2023-03-09 12:57:23,515, dashboard_function.py - service_donutChartData - Success
INFO, 2023-03-09 12:57:23,585, dashboard_function.py - alarmData - Success
INFO, 2023-03-09 12:57:23,663, dashboard_function.py - server_LChartDataList - Success
INFO, 2023-03-09 12:57:23,753, dashboard_function.py - os_donutChartData - Success
INFO, 2023-03-09 12:57:23,832, dashboard_function.py - vendorChartList - Success
INFO, 2023-03-09 12:57:23,915, dashboard_function.py - alarm_donutChartData - Success
INFO, 2023-03-09 12:57:24,096, dashboard_function.py - BNChartDataList - Success
INFO, 2023-03-09 12:57:24,097, dashboard_function.py - WMCDL(World Map Chart Data List) - Success
INFO, 2023-03-09 12:57:24,185, dashboard_function.py - GpuServerDataList - Success
INFO, 2023-03-09 12:57:24,266, dashboard_function.py - connectIpDataList - Success
INFO, 2023-03-09 12:57:24,342, dashboard_function.py - connectServerDataList - Success
INFO, 2023-03-09 12:57:24,425, dashboard_function.py - memoryMoreDataList - Success
INFO, 2023-03-09 13:07:25,006, dashboard_function.py - server_BChartDataList - Success
INFO, 2023-03-09 13:07:25,162, dashboard_function.py - service_donutChartData - Success
INFO, 2023-03-09 13:07:25,324, dashboard_function.py - alarmData - Success
INFO, 2023-03-09 13:07:25,530, dashboard_function.py - server_LChartDataList - Success
INFO, 2023-03-09 13:07:25,839, dashboard_function.py - os_donutChartData - Success
INFO, 2023-03-09 13:07:26,095, dashboard_function.py - vendorChartList - Success
INFO, 2023-03-09 13:07:26,338, dashboard_function.py - alarm_donutChartData - Success
INFO, 2023-03-09 13:07:26,817, dashboard_function.py - BNChartDataList - Success
INFO, 2023-03-09 13:07:26,818, dashboard_function.py - WMCDL(World Map Chart Data List) - Success
INFO, 2023-03-09 13:07:27,067, dashboard_function.py - GpuServerDataList - Success
INFO, 2023-03-09 13:07:27,374, dashboard_function.py - connectIpDataList - Success
INFO, 2023-03-09 13:07:28,011, dashboard_function.py - connectServerDataList - Success
INFO, 2023-03-09 13:07:28,797, dashboard_function.py - memoryMoreDataList - Success
INFO, 2023-03-09 13:17:30,174, dashboard_function.py - server_BChartDataList - Success
INFO, 2023-03-09 13:17:30,319, dashboard_function.py - service_donutChartData - Success
INFO, 2023-03-09 13:17:30,460, dashboard_function.py - alarmData - Success
INFO, 2023-03-09 13:17:30,616, dashboard_function.py - server_LChartDataList - Success
INFO, 2023-03-09 13:17:30,776, dashboard_function.py - os_donutChartData - Success
INFO, 2023-03-09 13:17:30,932, dashboard_function.py - vendorChartList - Success
INFO, 2023-03-09 13:17:31,094, dashboard_function.py - alarm_donutChartData - Success
INFO, 2023-03-09 13:17:31,526, dashboard_function.py - BNChartDataList - Success
INFO, 2023-03-09 13:17:31,527, dashboard_function.py - WMCDL(World Map Chart Data List) - Success
INFO, 2023-03-09 13:17:31,694, dashboard_function.py - GpuServerDataList - Success
INFO, 2023-03-09 13:17:31,854, dashboard_function.py - connectIpDataList - Success
INFO, 2023-03-09 13:17:32,124, dashboard_function.py - connectServerDataList - Success
INFO, 2023-03-09 13:17:32,379, dashboard_function.py - memoryMoreDataList - Success
INFO, 2023-03-09 13:27:34,434, dashboard_function.py - server_BChartDataList - Success
INFO, 2023-03-09 13:27:34,517, dashboard_function.py - service_donutChartData - Success
INFO, 2023-03-09 13:27:34,611, dashboard_function.py - alarmData - Success
INFO, 2023-03-09 13:27:34,706, dashboard_function.py - server_LChartDataList - Success
INFO, 2023-03-09 13:27:34,797, dashboard_function.py - os_donutChartData - Success
INFO, 2023-03-09 13:27:34,901, dashboard_function.py - vendorChartList - Success
INFO, 2023-03-09 13:27:35,035, dashboard_function.py - alarm_donutChartData - Success
INFO, 2023-03-09 13:27:35,363, dashboard_function.py - BNChartDataList - Success
INFO, 2023-03-09 13:27:35,364, dashboard_function.py - WMCDL(World Map Chart Data List) - Success
INFO, 2023-03-09 13:27:35,539, dashboard_function.py - GpuServerDataList - Success
INFO, 2023-03-09 13:27:35,714, dashboard_function.py - connectIpDataList - Success
INFO, 2023-03-09 13:27:35,878, dashboard_function.py - connectServerDataList - Success
INFO, 2023-03-09 13:27:36,149, dashboard_function.py - memoryMoreDataList - Success
INFO, 2023-03-09 13:37:37,921, dashboard_function.py - server_BChartDataList - Success
INFO, 2023-03-09 13:37:38,309, dashboard_function.py - service_donutChartData - Success
INFO, 2023-03-09 13:37:38,892, dashboard_function.py - alarmData - Success
INFO, 2023-03-09 13:37:39,409, dashboard_function.py - server_LChartDataList - Success
INFO, 2023-03-09 13:37:39,794, dashboard_function.py - os_donutChartData - Success
INFO, 2023-03-09 13:37:40,295, dashboard_function.py - vendorChartList - Success
INFO, 2023-03-09 13:37:40,733, dashboard_function.py - alarm_donutChartData - Success
INFO, 2023-03-09 13:37:41,526, dashboard_function.py - BNChartDataList - Success
INFO, 2023-03-09 13:37:41,527, dashboard_function.py - WMCDL(World Map Chart Data List) - Success
INFO, 2023-03-09 13:37:42,123, dashboard_function.py - GpuServerDataList - Success
INFO, 2023-03-09 13:37:42,538, dashboard_function.py - connectIpDataList - Success
INFO, 2023-03-09 13:37:42,910, dashboard_function.py - connectServerDataList - Success
INFO, 2023-03-09 13:37:43,366, dashboard_function.py - memoryMoreDataList - Success
INFO, 2023-03-09 13:47:45,769, dashboard_function.py - server_BChartDataList - Success
INFO, 2023-03-09 13:47:46,068, dashboard_function.py - service_donutChartData - Success
INFO, 2023-03-09 13:47:46,359, dashboard_function.py - alarmData - Success
INFO, 2023-03-09 13:47:46,642, dashboard_function.py - server_LChartDataList - Success
INFO, 2023-03-09 13:47:46,913, dashboard_function.py - os_donutChartData - Success
INFO, 2023-03-09 13:47:47,172, dashboard_function.py - vendorChartList - Success
INFO, 2023-03-09 13:47:47,430, dashboard_function.py - alarm_donutChartData - Success
INFO, 2023-03-09 13:47:47,933, dashboard_function.py - BNChartDataList - Success
INFO, 2023-03-09 13:47:47,933, dashboard_function.py - WMCDL(World Map Chart Data List) - Success
INFO, 2023-03-09 13:47:48,160, dashboard_function.py - GpuServerDataList - Success
INFO, 2023-03-09 13:47:48,404, dashboard_function.py - connectIpDataList - Success
INFO, 2023-03-09 13:47:48,648, dashboard_function.py - connectServerDataList - Success
INFO, 2023-03-09 13:47:48,882, dashboard_function.py - memoryMoreDataList - Success
INFO, 2023-03-09 13:49:49,487, dashboard_function.py - server_BChartDataList - Success
INFO, 2023-03-09 13:49:50,278, dashboard_function.py - service_donutChartData - Success
INFO, 2023-03-09 13:49:50,991, dashboard_function.py - alarmData - Success
INFO, 2023-03-09 13:49:51,492, dashboard_function.py - server_LChartDataList - Success
INFO, 2023-03-09 13:49:51,939, dashboard_function.py - os_donutChartData - Success
INFO, 2023-03-09 13:49:52,329, dashboard_function.py - vendorChartList - Success
INFO, 2023-03-09 13:49:52,632, dashboard_function.py - alarm_donutChartData - Success
INFO, 2023-03-09 13:49:53,280, dashboard_function.py - BNChartDataList - Success
INFO, 2023-03-09 13:49:53,282, dashboard_function.py - WMCDL(World Map Chart Data List) - Success
INFO, 2023-03-09 13:49:53,583, dashboard_function.py - GpuServerDataList - Success
INFO, 2023-03-09 13:49:53,864, dashboard_function.py - connectIpDataList - Success
INFO, 2023-03-09 13:49:54,123, dashboard_function.py - connectServerDataList - Success
INFO, 2023-03-09 13:49:54,369, dashboard_function.py - memoryMoreDataList - Success
INFO, 2023-03-09 13:59:57,243, dashboard_function.py - server_BChartDataList - Success
INFO, 2023-03-09 13:59:57,327, dashboard_function.py - service_donutChartData - Success
INFO, 2023-03-09 13:59:57,411, dashboard_function.py - alarmData - Success
INFO, 2023-03-09 13:59:57,500, dashboard_function.py - server_LChartDataList - Success
INFO, 2023-03-09 13:59:57,587, dashboard_function.py - os_donutChartData - Success
INFO, 2023-03-09 13:59:57,674, dashboard_function.py - vendorChartList - Success
INFO, 2023-03-09 13:59:57,763, dashboard_function.py - alarm_donutChartData - Success
INFO, 2023-03-09 13:59:57,955, dashboard_function.py - BNChartDataList - Success
INFO, 2023-03-09 13:59:57,955, dashboard_function.py - WMCDL(World Map Chart Data List) - Success
INFO, 2023-03-09 13:59:58,034, dashboard_function.py - GpuServerDataList - Success
INFO, 2023-03-09 13:59:58,116, dashboard_function.py - connectIpDataList - Success
INFO, 2023-03-09 13:59:58,198, dashboard_function.py - connectServerDataList - Success
INFO, 2023-03-09 13:59:58,395, dashboard_function.py - memoryMoreDataList - Success
INFO, 2023-03-09 14:09:59,432, dashboard_function.py - server_BChartDataList - Success
INFO, 2023-03-09 14:09:59,508, dashboard_function.py - service_donutChartData - Success
INFO, 2023-03-09 14:09:59,580, dashboard_function.py - alarmData - Success
INFO, 2023-03-09 14:09:59,654, dashboard_function.py - server_LChartDataList - Success
INFO, 2023-03-09 14:09:59,843, dashboard_function.py - os_donutChartData - Success
INFO, 2023-03-09 14:09:59,920, dashboard_function.py - vendorChartList - Success
INFO, 2023-03-09 14:10:00,109, dashboard_function.py - alarm_donutChartData - Success
INFO, 2023-03-09 14:10:00,270, dashboard_function.py - BNChartDataList - Success
INFO, 2023-03-09 14:10:00,270, dashboard_function.py - WMCDL(World Map Chart Data List) - Success
INFO, 2023-03-09 14:10:00,345, dashboard_function.py - GpuServerDataList - Success
INFO, 2023-03-09 14:10:00,419, dashboard_function.py - connectIpDataList - Success
INFO, 2023-03-09 14:10:00,493, dashboard_function.py - connectServerDataList - Success
INFO, 2023-03-09 14:10:00,571, dashboard_function.py - memoryMoreDataList - Success
INFO, 2023-03-09 14:20:01,502, dashboard_function.py - server_BChartDataList - Success
INFO, 2023-03-09 14:20:01,634, dashboard_function.py - service_donutChartData - Success
INFO, 2023-03-09 14:20:01,776, dashboard_function.py - alarmData - Success
INFO, 2023-03-09 14:20:01,921, dashboard_function.py - server_LChartDataList - Success
INFO, 2023-03-09 14:20:02,067, dashboard_function.py - os_donutChartData - Success
INFO, 2023-03-09 14:20:02,220, dashboard_function.py - vendorChartList - Success
INFO, 2023-03-09 14:20:02,374, dashboard_function.py - alarm_donutChartData - Success
INFO, 2023-03-09 14:20:02,722, dashboard_function.py - BNChartDataList - Success
INFO, 2023-03-09 14:20:02,722, dashboard_function.py - WMCDL(World Map Chart Data List) - Success
INFO, 2023-03-09 14:20:02,958, dashboard_function.py - GpuServerDataList - Success
INFO, 2023-03-09 14:20:03,240, dashboard_function.py - connectIpDataList - Success
INFO, 2023-03-09 14:20:03,489, dashboard_function.py - connectServerDataList - Success
INFO, 2023-03-09 14:20:03,791, dashboard_function.py - memoryMoreDataList - Success
INFO, 2023-03-09 14:30:05,427, dashboard_function.py - server_BChartDataList - Success
INFO, 2023-03-09 14:30:05,497, dashboard_function.py - service_donutChartData - Success
INFO, 2023-03-09 14:30:05,567, dashboard_function.py - alarmData - Success
INFO, 2023-03-09 14:30:05,640, dashboard_function.py - server_LChartDataList - Success
INFO, 2023-03-09 14:30:05,712, dashboard_function.py - os_donutChartData - Success
INFO, 2023-03-09 14:30:05,782, dashboard_function.py - vendorChartList - Success
INFO, 2023-03-09 14:30:05,856, dashboard_function.py - alarm_donutChartData - Success
INFO, 2023-03-09 14:30:06,005, dashboard_function.py - BNChartDataList - Success
INFO, 2023-03-09 14:30:06,005, dashboard_function.py - WMCDL(World Map Chart Data List) - Success
INFO, 2023-03-09 14:30:06,077, dashboard_function.py - GpuServerDataList - Success
INFO, 2023-03-09 14:30:06,152, dashboard_function.py - connectIpDataList - Success
INFO, 2023-03-09 14:30:06,227, dashboard_function.py - connectServerDataList - Success
INFO, 2023-03-09 14:30:06,300, dashboard_function.py - memoryMoreDataList - Success
INFO, 2023-03-09 14:40:07,428, dashboard_function.py - server_BChartDataList - Success
INFO, 2023-03-09 14:40:07,498, dashboard_function.py - service_donutChartData - Success
INFO, 2023-03-09 14:40:07,570, dashboard_function.py - alarmData - Success
INFO, 2023-03-09 14:40:07,646, dashboard_function.py - server_LChartDataList - Success
INFO, 2023-03-09 14:40:07,720, dashboard_function.py - os_donutChartData - Success
INFO, 2023-03-09 14:40:07,797, dashboard_function.py - vendorChartList - Success
INFO, 2023-03-09 14:40:07,869, dashboard_function.py - alarm_donutChartData - Success
INFO, 2023-03-09 14:40:08,020, dashboard_function.py - BNChartDataList - Success
INFO, 2023-03-09 14:40:08,020, dashboard_function.py - WMCDL(World Map Chart Data List) - Success
INFO, 2023-03-09 14:40:08,094, dashboard_function.py - GpuServerDataList - Success
INFO, 2023-03-09 14:40:08,181, dashboard_function.py - connectIpDataList - Success
INFO, 2023-03-09 14:40:08,255, dashboard_function.py - connectServerDataList - Success
INFO, 2023-03-09 14:40:08,323, dashboard_function.py - memoryMoreDataList - Success
INFO, 2023-03-09 14:50:09,573, dashboard_function.py - server_BChartDataList - Success
INFO, 2023-03-09 14:50:09,773, dashboard_function.py - service_donutChartData - Success
INFO, 2023-03-09 14:50:09,988, dashboard_function.py - alarmData - Success
INFO, 2023-03-09 14:50:10,379, dashboard_function.py - server_LChartDataList - Success
INFO, 2023-03-09 14:50:10,586, dashboard_function.py - os_donutChartData - Success
INFO, 2023-03-09 14:50:10,785, dashboard_function.py - vendorChartList - Success
INFO, 2023-03-09 14:50:11,005, dashboard_function.py - alarm_donutChartData - Success
INFO, 2023-03-09 14:50:16,878, dashboard_function.py - BNChartDataList - Success
INFO, 2023-03-09 14:50:16,881, dashboard_function.py - WMCDL(World Map Chart Data List) - Success
INFO, 2023-03-09 14:50:18,754, dashboard_function.py - GpuServerDataList - Success
INFO, 2023-03-09 14:50:19,350, dashboard_function.py - connectIpDataList - Success
INFO, 2023-03-09 14:50:19,999, dashboard_function.py - connectServerDataList - Success
INFO, 2023-03-09 14:50:20,605, dashboard_function.py - memoryMoreDataList - Success
INFO, 2023-03-09 15:00:22,431, dashboard_function.py - server_BChartDataList - Success
INFO, 2023-03-09 15:00:22,612, dashboard_function.py - service_donutChartData - Success
INFO, 2023-03-09 15:00:22,693, dashboard_function.py - alarmData - Success
INFO, 2023-03-09 15:00:22,780, dashboard_function.py - server_LChartDataList - Success
INFO, 2023-03-09 15:00:22,856, dashboard_function.py - os_donutChartData - Success
INFO, 2023-03-09 15:00:22,930, dashboard_function.py - vendorChartList - Success
INFO, 2023-03-09 15:00:23,008, dashboard_function.py - alarm_donutChartData - Success
INFO, 2023-03-09 15:00:23,155, dashboard_function.py - BNChartDataList - Success
INFO, 2023-03-09 15:00:23,155, dashboard_function.py - WMCDL(World Map Chart Data List) - Success
INFO, 2023-03-09 15:00:23,237, dashboard_function.py - GpuServerDataList - Success
INFO, 2023-03-09 15:00:23,311, dashboard_function.py - connectIpDataList - Success
INFO, 2023-03-09 15:00:23,385, dashboard_function.py - connectServerDataList - Success
INFO, 2023-03-09 15:00:23,452, dashboard_function.py - memoryMoreDataList - Success
INFO, 2023-03-09 15:10:24,439, dashboard_function.py - server_BChartDataList - Success
INFO, 2023-03-09 15:10:24,520, dashboard_function.py - service_donutChartData - Success
INFO, 2023-03-09 15:10:24,591, dashboard_function.py - alarmData - Success
INFO, 2023-03-09 15:10:24,667, dashboard_function.py - server_LChartDataList - Success
INFO, 2023-03-09 15:10:24,738, dashboard_function.py - os_donutChartData - Success
INFO, 2023-03-09 15:10:24,813, dashboard_function.py - vendorChartList - Success
INFO, 2023-03-09 15:10:24,893, dashboard_function.py - alarm_donutChartData - Success
INFO, 2023-03-09 15:10:25,048, dashboard_function.py - BNChartDataList - Success
INFO, 2023-03-09 15:10:25,048, dashboard_function.py - WMCDL(World Map Chart Data List) - Success
INFO, 2023-03-09 15:10:25,129, dashboard_function.py - GpuServerDataList - Success
INFO, 2023-03-09 15:10:25,206, dashboard_function.py - connectIpDataList - Success
INFO, 2023-03-09 15:10:25,278, dashboard_function.py - connectServerDataList - Success
INFO, 2023-03-09 15:10:25,348, dashboard_function.py - memoryMoreDataList - Success
INFO, 2023-03-09 15:20:26,417, dashboard_function.py - server_BChartDataList - Success
INFO, 2023-03-09 15:20:26,490, dashboard_function.py - service_donutChartData - Success
INFO, 2023-03-09 15:20:26,564, dashboard_function.py - alarmData - Success
INFO, 2023-03-09 15:20:26,641, dashboard_function.py - server_LChartDataList - Success
INFO, 2023-03-09 15:20:26,717, dashboard_function.py - os_donutChartData - Success
INFO, 2023-03-09 15:20:26,793, dashboard_function.py - vendorChartList - Success
INFO, 2023-03-09 15:20:26,872, dashboard_function.py - alarm_donutChartData - Success
INFO, 2023-03-09 15:20:27,037, dashboard_function.py - BNChartDataList - Success
INFO, 2023-03-09 15:20:27,038, dashboard_function.py - WMCDL(World Map Chart Data List) - Success
INFO, 2023-03-09 15:20:27,118, dashboard_function.py - GpuServerDataList - Success
INFO, 2023-03-09 15:20:27,205, dashboard_function.py - connectIpDataList - Success
INFO, 2023-03-09 15:20:27,277, dashboard_function.py - connectServerDataList - Success
INFO, 2023-03-09 15:20:27,352, dashboard_function.py - memoryMoreDataList - Success
INFO, 2023-03-09 15:30:28,431, dashboard_function.py - server_BChartDataList - Success
INFO, 2023-03-09 15:30:28,512, dashboard_function.py - service_donutChartData - Success
INFO, 2023-03-09 15:30:28,594, dashboard_function.py - alarmData - Success
INFO, 2023-03-09 15:30:28,690, dashboard_function.py - server_LChartDataList - Success
INFO, 2023-03-09 15:30:28,783, dashboard_function.py - os_donutChartData - Success
INFO, 2023-03-09 15:30:28,880, dashboard_function.py - vendorChartList - Success
INFO, 2023-03-09 15:30:29,106, dashboard_function.py - alarm_donutChartData - Success
INFO, 2023-03-09 15:30:29,512, dashboard_function.py - BNChartDataList - Success
INFO, 2023-03-09 15:30:29,513, dashboard_function.py - WMCDL(World Map Chart Data List) - Success
INFO, 2023-03-09 15:30:29,595, dashboard_function.py - GpuServerDataList - Success
INFO, 2023-03-09 15:30:29,678, dashboard_function.py - connectIpDataList - Success
INFO, 2023-03-09 15:30:29,756, dashboard_function.py - connectServerDataList - Success
INFO, 2023-03-09 15:30:29,849, dashboard_function.py - memoryMoreDataList - Success
INFO, 2023-03-09 15:40:30,437, dashboard_function.py - server_BChartDataList - Success
INFO, 2023-03-09 15:40:30,515, dashboard_function.py - service_donutChartData - Success
INFO, 2023-03-09 15:40:30,591, dashboard_function.py - alarmData - Success
INFO, 2023-03-09 15:40:30,665, dashboard_function.py - server_LChartDataList - Success
INFO, 2023-03-09 15:40:30,744, dashboard_function.py - os_donutChartData - Success
INFO, 2023-03-09 15:40:30,829, dashboard_function.py - vendorChartList - Success
INFO, 2023-03-09 15:40:30,905, dashboard_function.py - alarm_donutChartData - Success
INFO, 2023-03-09 15:40:31,071, dashboard_function.py - BNChartDataList - Success
INFO, 2023-03-09 15:40:31,071, dashboard_function.py - WMCDL(World Map Chart Data List) - Success
INFO, 2023-03-09 15:40:31,151, dashboard_function.py - GpuServerDataList - Success
INFO, 2023-03-09 15:40:31,349, dashboard_function.py - connectIpDataList - Success
INFO, 2023-03-09 15:40:31,435, dashboard_function.py - connectServerDataList - Success
INFO, 2023-03-09 15:40:31,512, dashboard_function.py - memoryMoreDataList - Success
INFO, 2023-03-09 15:50:32,443, dashboard_function.py - server_BChartDataList - Success
INFO, 2023-03-09 15:50:32,531, dashboard_function.py - service_donutChartData - Success
INFO, 2023-03-09 15:50:32,626, dashboard_function.py - alarmData - Success
INFO, 2023-03-09 15:50:32,718, dashboard_function.py - server_LChartDataList - Success
INFO, 2023-03-09 15:50:32,800, dashboard_function.py - os_donutChartData - Success
INFO, 2023-03-09 15:50:32,881, dashboard_function.py - vendorChartList - Success
INFO, 2023-03-09 15:50:32,963, dashboard_function.py - alarm_donutChartData - Success
INFO, 2023-03-09 15:50:33,136, dashboard_function.py - BNChartDataList - Success
INFO, 2023-03-09 15:50:33,136, dashboard_function.py - WMCDL(World Map Chart Data List) - Success
INFO, 2023-03-09 15:50:33,219, dashboard_function.py - GpuServerDataList - Success
INFO, 2023-03-09 15:50:33,301, dashboard_function.py - connectIpDataList - Success
INFO, 2023-03-09 15:50:33,386, dashboard_function.py - connectServerDataList - Success
INFO, 2023-03-09 15:50:33,469, dashboard_function.py - memoryMoreDataList - Success
INFO, 2023-03-09 15:51:03,305, dashboard_function.py - server_BChartDataList - Success
INFO, 2023-03-09 15:51:03,401, dashboard_function.py - service_donutChartData - Success
INFO, 2023-03-09 15:51:03,504, dashboard_function.py - alarmData - Success
INFO, 2023-03-09 15:51:03,606, dashboard_function.py - server_LChartDataList - Success
INFO, 2023-03-09 15:51:03,707, dashboard_function.py - os_donutChartData - Success
INFO, 2023-03-09 15:51:03,803, dashboard_function.py - vendorChartList - Success
INFO, 2023-03-09 15:51:03,894, dashboard_function.py - alarm_donutChartData - Success
INFO, 2023-03-09 15:51:04,091, dashboard_function.py - BNChartDataList - Success
INFO, 2023-03-09 15:51:04,091, dashboard_function.py - WMCDL(World Map Chart Data List) - Success
INFO, 2023-03-09 15:51:04,189, dashboard_function.py - GpuServerDataList - Success
INFO, 2023-03-09 15:51:04,381, dashboard_function.py - connectIpDataList - Success
INFO, 2023-03-09 15:51:04,464, dashboard_function.py - connectServerDataList - Success
INFO, 2023-03-09 15:51:04,554, dashboard_function.py - memoryMoreDataList - Success
INFO, 2023-03-09 15:51:22,663, dashboard_function.py - server_BChartDataList - Success
INFO, 2023-03-09 15:51:22,878, dashboard_function.py - service_donutChartData - Success
INFO, 2023-03-09 15:51:23,003, dashboard_function.py - alarmData - Success
INFO, 2023-03-09 15:51:23,113, dashboard_function.py - server_LChartDataList - Success
INFO, 2023-03-09 15:51:23,208, dashboard_function.py - os_donutChartData - Success
INFO, 2023-03-09 15:51:23,309, dashboard_function.py - vendorChartList - Success
INFO, 2023-03-09 15:51:23,413, dashboard_function.py - alarm_donutChartData - Success
INFO, 2023-03-09 15:51:23,618, dashboard_function.py - BNChartDataList - Success
INFO, 2023-03-09 15:51:23,619, dashboard_function.py - WMCDL(World Map Chart Data List) - Success
INFO, 2023-03-09 15:51:23,720, dashboard_function.py - GpuServerDataList - Success
INFO, 2023-03-09 15:51:23,839, dashboard_function.py - connectIpDataList - Success
INFO, 2023-03-09 15:51:23,956, dashboard_function.py - connectServerDataList - Success
INFO, 2023-03-09 15:51:24,062, dashboard_function.py - memoryMoreDataList - Success
INFO, 2023-03-09 15:52:02,395, dashboard_function.py - server_BChartDataList - Success
INFO, 2023-03-09 15:52:02,567, dashboard_function.py - service_donutChartData - Success
INFO, 2023-03-09 15:52:02,843, dashboard_function.py - alarmData - Success
INFO, 2023-03-09 15:52:03,003, dashboard_function.py - server_LChartDataList - Success
INFO, 2023-03-09 15:52:03,166, dashboard_function.py - os_donutChartData - Success
INFO, 2023-03-09 15:52:03,303, dashboard_function.py - vendorChartList - Success
INFO, 2023-03-09 15:52:03,436, dashboard_function.py - alarm_donutChartData - Success
INFO, 2023-03-09 15:52:03,693, dashboard_function.py - BNChartDataList - Success
INFO, 2023-03-09 15:52:03,694, dashboard_function.py - WMCDL(World Map Chart Data List) - Success
INFO, 2023-03-09 15:52:03,822, dashboard_function.py - GpuServerDataList - Success
INFO, 2023-03-09 15:52:03,946, dashboard_function.py - connectIpDataList - Success
INFO, 2023-03-09 15:52:04,071, dashboard_function.py - connectServerDataList - Success
INFO, 2023-03-09 15:52:04,210, dashboard_function.py - memoryMoreDataList - Success
INFO, 2023-03-09 15:52:38,234, Run Finished
