INFO, 2023-03-10 08:32:07,251, dashboard_function.py - server_BChartDataList - Success
INFO, 2023-03-10 08:32:08,210, dashboard_function.py - service_donutChartData - Success
INFO, 2023-03-10 08:32:08,862, dashboard_function.py - alarmData - Success
INFO, 2023-03-10 08:32:09,995, dashboard_function.py - server_LChartDataList - Success
INFO, 2023-03-10 08:32:10,656, dashboard_function.py - os_donutChartData - Success
INFO, 2023-03-10 08:32:11,527, dashboard_function.py - vendorChartList - Success
INFO, 2023-03-10 08:32:11,745, dashboard_function.py - alarm_donutChartData - Success
INFO, 2023-03-10 08:32:13,242, dashboard_function.py - BNChartDataList - Success
INFO, 2023-03-10 08:32:13,243, dashboard_function.py - WMCDL(World Map Chart Data List) - Success
INFO, 2023-03-10 08:32:14,613, dashboard_function.py - connectIpDataList - Success
INFO, 2023-03-10 08:32:15,033, dashboard_function.py - connectServerDataList - Success
INFO, 2023-03-10 08:32:15,215, dashboard_function.py - memoryMoreDataList - Success
INFO, 2023-03-10 08:33:10,366, dashboard_function.py - server_BChartDataList - Success
INFO, 2023-03-10 08:33:10,441, dashboard_function.py - service_donutChartData - Success
INFO, 2023-03-10 08:33:10,513, dashboard_function.py - alarmData - Success
INFO, 2023-03-10 08:33:10,617, dashboard_function.py - server_LChartDataList - Success
INFO, 2023-03-10 08:33:10,695, dashboard_function.py - os_donutChartData - Success
INFO, 2023-03-10 08:33:10,770, dashboard_function.py - vendorChartList - Success
INFO, 2023-03-10 08:33:10,842, dashboard_function.py - alarm_donutChartData - Success
INFO, 2023-03-10 08:33:11,021, dashboard_function.py - BNChartDataList - Success
INFO, 2023-03-10 08:33:11,022, dashboard_function.py - WMCDL(World Map Chart Data List) - Success
INFO, 2023-03-10 08:33:11,161, dashboard_function.py - GpuServerDataList - Success
INFO, 2023-03-10 08:33:11,255, dashboard_function.py - connectIpDataList - Success
INFO, 2023-03-10 08:33:11,342, dashboard_function.py - connectServerDataList - Success
INFO, 2023-03-10 08:33:11,451, dashboard_function.py - memoryMoreDataList - Success
INFO, 2023-03-10 08:43:12,223, dashboard_function.py - server_BChartDataList - Success
INFO, 2023-03-10 08:43:12,299, dashboard_function.py - service_donutChartData - Success
INFO, 2023-03-10 08:43:12,371, dashboard_function.py - alarmData - Success
INFO, 2023-03-10 08:43:12,444, dashboard_function.py - server_LChartDataList - Success
INFO, 2023-03-10 08:43:12,514, dashboard_function.py - os_donutChartData - Success
INFO, 2023-03-10 08:43:12,591, dashboard_function.py - vendorChartList - Success
INFO, 2023-03-10 08:43:12,661, dashboard_function.py - alarm_donutChartData - Success
INFO, 2023-03-10 08:43:12,810, dashboard_function.py - BNChartDataList - Success
INFO, 2023-03-10 08:43:12,811, dashboard_function.py - WMCDL(World Map Chart Data List) - Success
INFO, 2023-03-10 08:43:12,885, dashboard_function.py - GpuServerDataList - Success
INFO, 2023-03-10 08:43:12,957, dashboard_function.py - connectIpDataList - Success
INFO, 2023-03-10 08:43:13,027, dashboard_function.py - connectServerDataList - Success
INFO, 2023-03-10 08:43:13,096, dashboard_function.py - memoryMoreDataList - Success
INFO, 2023-03-10 08:53:14,127, dashboard_function.py - server_BChartDataList - Success
INFO, 2023-03-10 08:53:14,322, dashboard_function.py - service_donutChartData - Success
INFO, 2023-03-10 08:53:14,409, dashboard_function.py - alarmData - Success
INFO, 2023-03-10 08:53:14,488, dashboard_function.py - server_LChartDataList - Success
INFO, 2023-03-10 08:53:14,569, dashboard_function.py - os_donutChartData - Success
INFO, 2023-03-10 08:53:14,648, dashboard_function.py - vendorChartList - Success
INFO, 2023-03-10 08:53:14,724, dashboard_function.py - alarm_donutChartData - Success
INFO, 2023-03-10 08:53:14,888, dashboard_function.py - BNChartDataList - Success
INFO, 2023-03-10 08:53:14,889, dashboard_function.py - WMCDL(World Map Chart Data List) - Success
INFO, 2023-03-10 08:53:14,966, dashboard_function.py - GpuServerDataList - Success
INFO, 2023-03-10 08:53:15,058, dashboard_function.py - connectIpDataList - Success
INFO, 2023-03-10 08:53:15,150, dashboard_function.py - connectServerDataList - Success
INFO, 2023-03-10 08:53:15,251, dashboard_function.py - memoryMoreDataList - Success
INFO, 2023-03-10 09:03:16,158, dashboard_function.py - server_BChartDataList - Success
INFO, 2023-03-10 09:03:16,251, dashboard_function.py - service_donutChartData - Success
INFO, 2023-03-10 09:03:16,353, dashboard_function.py - alarmData - Success
INFO, 2023-03-10 09:03:16,468, dashboard_function.py - server_LChartDataList - Success
INFO, 2023-03-10 09:03:16,579, dashboard_function.py - os_donutChartData - Success
INFO, 2023-03-10 09:03:16,693, dashboard_function.py - vendorChartList - Success
INFO, 2023-03-10 09:03:16,792, dashboard_function.py - alarm_donutChartData - Success
INFO, 2023-03-10 09:03:17,006, dashboard_function.py - BNChartDataList - Success
INFO, 2023-03-10 09:03:17,007, dashboard_function.py - WMCDL(World Map Chart Data List) - Success
INFO, 2023-03-10 09:03:17,110, dashboard_function.py - GpuServerDataList - Success
INFO, 2023-03-10 09:03:17,205, dashboard_function.py - connectIpDataList - Success
INFO, 2023-03-10 09:03:17,293, dashboard_function.py - connectServerDataList - Success
INFO, 2023-03-10 09:03:17,381, dashboard_function.py - memoryMoreDataList - Success
INFO, 2023-03-10 09:10:24,601, dashboard_function.py - server_BChartDataList - Success
INFO, 2023-03-10 09:10:24,682, dashboard_function.py - service_donutChartData - Success
INFO, 2023-03-10 09:10:24,758, dashboard_function.py - alarmData - Success
INFO, 2023-03-10 09:10:24,836, dashboard_function.py - server_LChartDataList - Success
INFO, 2023-03-10 09:10:24,915, dashboard_function.py - os_donutChartData - Success
INFO, 2023-03-10 09:10:24,990, dashboard_function.py - vendorChartList - Success
INFO, 2023-03-10 09:10:25,065, dashboard_function.py - alarm_donutChartData - Success
INFO, 2023-03-10 09:10:25,217, dashboard_function.py - BNChartDataList - Success
INFO, 2023-03-10 09:10:25,218, dashboard_function.py - WMCDL(World Map Chart Data List) - Success
INFO, 2023-03-10 09:10:25,295, dashboard_function.py - GpuServerDataList - Success
INFO, 2023-03-10 09:10:25,371, dashboard_function.py - connectIpDataList - Success
INFO, 2023-03-10 09:10:25,446, dashboard_function.py - connectServerDataList - Success
INFO, 2023-03-10 09:10:25,523, dashboard_function.py - memoryMoreDataList - Success
INFO, 2023-03-10 09:15:49,795, dashboard_function.py - server_BChartDataList - Success
INFO, 2023-03-10 09:15:49,867, dashboard_function.py - service_donutChartData - Success
INFO, 2023-03-10 09:15:49,941, dashboard_function.py - alarmData - Success
INFO, 2023-03-10 09:15:50,016, dashboard_function.py - server_LChartDataList - Success
INFO, 2023-03-10 09:15:50,096, dashboard_function.py - os_donutChartData - Success
INFO, 2023-03-10 09:15:50,170, dashboard_function.py - vendorChartList - Success
INFO, 2023-03-10 09:15:50,242, dashboard_function.py - alarm_donutChartData - Success
INFO, 2023-03-10 09:15:50,395, dashboard_function.py - BNChartDataList - Success
INFO, 2023-03-10 09:15:50,395, dashboard_function.py - WMCDL(World Map Chart Data List) - Success
INFO, 2023-03-10 09:15:50,470, dashboard_function.py - GpuServerDataList - Success
INFO, 2023-03-10 09:15:50,547, dashboard_function.py - connectIpDataList - Success
INFO, 2023-03-10 09:15:50,617, dashboard_function.py - connectServerDataList - Success
INFO, 2023-03-10 09:15:50,687, dashboard_function.py - memoryMoreDataList - Success
INFO, 2023-03-10 09:20:43,561, dashboard_function.py - server_BChartDataList - Success
INFO, 2023-03-10 09:20:43,650, dashboard_function.py - service_donutChartData - Success
INFO, 2023-03-10 09:20:43,754, dashboard_function.py - alarmData - Success
INFO, 2023-03-10 09:20:43,950, dashboard_function.py - server_LChartDataList - Success
INFO, 2023-03-10 09:20:44,034, dashboard_function.py - os_donutChartData - Success
INFO, 2023-03-10 09:20:44,117, dashboard_function.py - vendorChartList - Success
INFO, 2023-03-10 09:20:44,200, dashboard_function.py - alarm_donutChartData - Success
INFO, 2023-03-10 09:20:44,470, dashboard_function.py - BNChartDataList - Success
INFO, 2023-03-10 09:20:44,471, dashboard_function.py - WMCDL(World Map Chart Data List) - Success
INFO, 2023-03-10 09:20:44,557, dashboard_function.py - GpuServerDataList - Success
INFO, 2023-03-10 09:20:44,635, dashboard_function.py - connectIpDataList - Success
INFO, 2023-03-10 09:20:44,723, dashboard_function.py - connectServerDataList - Success
INFO, 2023-03-10 09:20:44,821, dashboard_function.py - memoryMoreDataList - Success
INFO, 2023-03-10 09:21:23,568, dashboard_function.py - server_BChartDataList - Success
INFO, 2023-03-10 09:21:23,640, dashboard_function.py - service_donutChartData - Success
INFO, 2023-03-10 09:21:23,720, dashboard_function.py - alarmData - Success
INFO, 2023-03-10 09:21:23,799, dashboard_function.py - server_LChartDataList - Success
INFO, 2023-03-10 09:21:23,878, dashboard_function.py - os_donutChartData - Success
INFO, 2023-03-10 09:21:23,964, dashboard_function.py - vendorChartList - Success
INFO, 2023-03-10 09:21:24,049, dashboard_function.py - alarm_donutChartData - Success
INFO, 2023-03-10 09:21:24,219, dashboard_function.py - BNChartDataList - Success
INFO, 2023-03-10 09:21:24,220, dashboard_function.py - WMCDL(World Map Chart Data List) - Success
INFO, 2023-03-10 09:21:24,300, dashboard_function.py - GpuServerDataList - Success
INFO, 2023-03-10 09:21:24,380, dashboard_function.py - connectIpDataList - Success
INFO, 2023-03-10 09:21:24,460, dashboard_function.py - connectServerDataList - Success
INFO, 2023-03-10 09:21:24,550, dashboard_function.py - memoryMoreDataList - Success
INFO, 2023-03-10 09:21:37,738, dashboard_function.py - server_BChartDataList - Success
INFO, 2023-03-10 09:21:37,912, dashboard_function.py - service_donutChartData - Success
INFO, 2023-03-10 09:21:38,082, dashboard_function.py - alarmData - Success
INFO, 2023-03-10 09:21:38,232, dashboard_function.py - server_LChartDataList - Success
INFO, 2023-03-10 09:21:38,350, dashboard_function.py - os_donutChartData - Success
INFO, 2023-03-10 09:21:38,447, dashboard_function.py - vendorChartList - Success
INFO, 2023-03-10 09:21:38,553, dashboard_function.py - alarm_donutChartData - Success
INFO, 2023-03-10 09:21:38,849, dashboard_function.py - BNChartDataList - Success
INFO, 2023-03-10 09:21:38,849, dashboard_function.py - WMCDL(World Map Chart Data List) - Success
INFO, 2023-03-10 09:21:38,954, dashboard_function.py - GpuServerDataList - Success
INFO, 2023-03-10 09:21:39,060, dashboard_function.py - connectIpDataList - Success
INFO, 2023-03-10 09:21:39,178, dashboard_function.py - connectServerDataList - Success
INFO, 2023-03-10 09:21:39,286, dashboard_function.py - memoryMoreDataList - Success
INFO, 2023-03-10 09:21:52,505, dashboard_function.py - server_BChartDataList - Success
INFO, 2023-03-10 09:21:52,609, dashboard_function.py - service_donutChartData - Success
INFO, 2023-03-10 09:21:52,719, dashboard_function.py - alarmData - Success
INFO, 2023-03-10 09:21:52,871, dashboard_function.py - server_LChartDataList - Success
INFO, 2023-03-10 09:21:52,990, dashboard_function.py - os_donutChartData - Success
INFO, 2023-03-10 09:21:53,093, dashboard_function.py - vendorChartList - Success
INFO, 2023-03-10 09:21:53,179, dashboard_function.py - alarm_donutChartData - Success
INFO, 2023-03-10 09:21:53,339, dashboard_function.py - BNChartDataList - Success
INFO, 2023-03-10 09:21:53,340, dashboard_function.py - WMCDL(World Map Chart Data List) - Success
INFO, 2023-03-10 09:21:53,421, dashboard_function.py - GpuServerDataList - Success
INFO, 2023-03-10 09:21:53,502, dashboard_function.py - connectIpDataList - Success
INFO, 2023-03-10 09:21:53,594, dashboard_function.py - connectServerDataList - Success
INFO, 2023-03-10 09:21:53,675, dashboard_function.py - memoryMoreDataList - Success
INFO, 2023-03-10 09:22:33,250, dashboard_function.py - server_BChartDataList - Success
INFO, 2023-03-10 09:22:33,359, dashboard_function.py - service_donutChartData - Success
INFO, 2023-03-10 09:22:33,440, dashboard_function.py - alarmData - Success
INFO, 2023-03-10 09:22:33,628, dashboard_function.py - server_LChartDataList - Success
INFO, 2023-03-10 09:22:33,716, dashboard_function.py - os_donutChartData - Success
INFO, 2023-03-10 09:22:33,795, dashboard_function.py - vendorChartList - Success
INFO, 2023-03-10 09:22:33,875, dashboard_function.py - alarm_donutChartData - Success
INFO, 2023-03-10 09:22:34,032, dashboard_function.py - BNChartDataList - Success
INFO, 2023-03-10 09:22:34,032, dashboard_function.py - WMCDL(World Map Chart Data List) - Success
INFO, 2023-03-10 09:22:34,125, dashboard_function.py - GpuServerDataList - Success
INFO, 2023-03-10 09:22:34,211, dashboard_function.py - connectIpDataList - Success
INFO, 2023-03-10 09:22:34,299, dashboard_function.py - connectServerDataList - Success
INFO, 2023-03-10 09:22:34,382, dashboard_function.py - memoryMoreDataList - Success
INFO, 2023-03-10 09:23:14,493, dashboard_function.py - server_BChartDataList - Success
INFO, 2023-03-10 09:23:14,570, dashboard_function.py - service_donutChartData - Success
INFO, 2023-03-10 09:23:14,651, dashboard_function.py - alarmData - Success
INFO, 2023-03-10 09:23:14,858, dashboard_function.py - server_LChartDataList - Success
INFO, 2023-03-10 09:23:14,938, dashboard_function.py - os_donutChartData - Success
INFO, 2023-03-10 09:23:15,018, dashboard_function.py - vendorChartList - Success
INFO, 2023-03-10 09:23:15,098, dashboard_function.py - alarm_donutChartData - Success
INFO, 2023-03-10 09:23:15,263, dashboard_function.py - BNChartDataList - Success
INFO, 2023-03-10 09:23:15,263, dashboard_function.py - WMCDL(World Map Chart Data List) - Success
INFO, 2023-03-10 09:23:15,346, dashboard_function.py - GpuServerDataList - Success
INFO, 2023-03-10 09:23:15,426, dashboard_function.py - connectIpDataList - Success
INFO, 2023-03-10 09:23:15,504, dashboard_function.py - connectServerDataList - Success
INFO, 2023-03-10 09:23:15,579, dashboard_function.py - memoryMoreDataList - Success
INFO, 2023-03-10 09:23:25,362, dashboard_function.py - server_BChartDataList - Success
INFO, 2023-03-10 09:23:25,474, dashboard_function.py - service_donutChartData - Success
INFO, 2023-03-10 09:23:25,582, dashboard_function.py - alarmData - Success
INFO, 2023-03-10 09:23:25,688, dashboard_function.py - server_LChartDataList - Success
INFO, 2023-03-10 09:23:25,781, dashboard_function.py - os_donutChartData - Success
INFO, 2023-03-10 09:23:25,882, dashboard_function.py - vendorChartList - Success
INFO, 2023-03-10 09:23:25,965, dashboard_function.py - alarm_donutChartData - Success
INFO, 2023-03-10 09:23:26,142, dashboard_function.py - BNChartDataList - Success
INFO, 2023-03-10 09:23:26,143, dashboard_function.py - WMCDL(World Map Chart Data List) - Success
INFO, 2023-03-10 09:23:26,225, dashboard_function.py - GpuServerDataList - Success
INFO, 2023-03-10 09:23:26,310, dashboard_function.py - connectIpDataList - Success
INFO, 2023-03-10 09:23:26,571, dashboard_function.py - connectServerDataList - Success
INFO, 2023-03-10 09:23:26,666, dashboard_function.py - memoryMoreDataList - Success
INFO, 2023-03-10 09:23:28,506, Run Finished
